
**** 10/26/20 23:47:13 *********** Evaluation PSpice (Nov 1999) **************

 *NMOS output characteristics


 ****     CIRCUIT DESCRIPTION


******************************************************************************



.model n1 PMOS(LEVEL=1 VTO=-1V KP=6.73E-6 GAMMA=1.179
        +LAMBDA=0.005 PHI=0.66 uO=600 NSUB=5E15
        +Tox=1000E-8)
.model n2 NMOS(LEVEL=1 VTO=1V KP=20.179E-6 GAMMA=1.179
        +LAMBDA=0.005 PHI=0.66 uO=600 NSUB=5E15
        +Tox=1000E-8)

M_N1 1 2 3 3 n1 w=8u l=2u
M_N2 1 2 0 0 n2 w=2u l=2u
vdd 3 0 4v
vgs 2 0 5v
.dc vgs 0 5 0.05
.plot dc v(1)
.probe
.end

**** 10/26/20 23:47:13 *********** Evaluation PSpice (Nov 1999) **************

 *NMOS output characteristics


 ****     MOSFET MODEL PARAMETERS


******************************************************************************




               n1              n2              
               PMOS            NMOS            
       LEVEL    1               1            
           L  100.000000E-06  100.000000E-06 
           W  100.000000E-06  100.000000E-06 
         VTO   -1               1            
          KP    6.730000E-06   20.179000E-06 
       GAMMA    1.179           1.179        
         PHI     .66             .66         
      LAMBDA    5.000000E-03    5.000000E-03 
          IS   10.000000E-15   10.000000E-15 
          JS    0               0            
          PB     .8              .8          
        PBSW     .8              .8          
          CJ  227.745700E-06  227.745700E-06 
        CJSW    0               0            
        CGSO    0               0            
        CGDO    0               0            
        CGBO    0               0            
        NSUB    5.000000E+15    5.000000E+15 
         TOX   10.000000E-06   10.000000E-06 
          XJ    0               0            
       UCRIT   10.000000E+03   10.000000E+03 
      DIOMOD    1               1            
         VFB    0               0            
        LETA    0               0            
        WETA    0               0            
          U0    0               0            
        TEMP    0               0            
         VDD    0               0            
       XPART    0               0            


**** 10/26/20 23:47:13 *********** Evaluation PSpice (Nov 1999) **************

 *NMOS output characteristics


 ****     DC TRANSFER CURVES               TEMPERATURE =   27.000 DEG C


******************************************************************************



  vgs         V(1)        
(*)----------    0.0000E+00   1.0000E+00   2.0000E+00   3.0000E+00   4.0000E+00
                       _ _ _ _ _ _ _ _ _ _ _ _ _ _ _ _ _ _ _ _ _ _ _ _ _ _ _
  0.000E+00  4.000E+00 .            .            .            .            *
  5.000E-02  4.000E+00 .            .            .            .            *
  1.000E-01  4.000E+00 .            .            .            .            *
  1.500E-01  4.000E+00 .            .            .            .            *
  2.000E-01  4.000E+00 .            .            .            .            *
  2.500E-01  4.000E+00 .            .            .            .            *
  3.000E-01  4.000E+00 .            .            .            .            *
  3.500E-01  4.000E+00 .            .            .            .            *
  4.000E-01  4.000E+00 .            .            .            .            *
  4.500E-01  4.000E+00 .            .            .            .            *
  5.000E-01  4.000E+00 .            .            .            .            *
  5.500E-01  4.000E+00 .            .            .            .            *
  6.000E-01  4.000E+00 .            .            .            .            *
  6.500E-01  4.000E+00 .            .            .            .            *
  7.000E-01  4.000E+00 .            .            .            .            *
  7.500E-01  4.000E+00 .            .            .            .            *
  8.000E-01  4.000E+00 .            .            .            .            *
  8.500E-01  4.000E+00 .            .            .            .            *
  9.000E-01  4.000E+00 .            .            .            .            *
  9.500E-01  4.000E+00 .            .            .            .            *
  1.000E+00  4.000E+00 .            .            .            .            *
  1.050E+00  4.000E+00 .            .            .            .            *
  1.100E+00  3.998E+00 .            .            .            .            *
  1.150E+00  3.995E+00 .            .            .            .            *
  1.200E+00  3.991E+00 .            .            .            .            *
  1.250E+00  3.986E+00 .            .            .            .            *
  1.300E+00  3.980E+00 .            .            .            .            *
  1.350E+00  3.971E+00 .            .            .            .            *
  1.400E+00  3.961E+00 .            .            .            .           *.
  1.450E+00  3.949E+00 .            .            .            .           *.
  1.500E+00  3.935E+00 .            .            .            .           *.
  1.550E+00  3.918E+00 .            .            .            .           *.
  1.600E+00  3.898E+00 .            .            .            .           *.
  1.650E+00  3.875E+00 .            .            .            .          * .
  1.700E+00  3.847E+00 .            .            .            .          * .
  1.750E+00  3.815E+00 .            .            .            .          * .
  1.800E+00  3.776E+00 .            .            .            .         *  .
  1.850E+00  3.728E+00 .            .            .            .        *   .
  1.900E+00  3.670E+00 .            .            .            .        *   .
  1.950E+00  3.594E+00 .            .            .            .       *    .
  2.000E+00  3.489E+00 .            .            .            .     *      .
  2.050E+00  3.306E+00 .            .            .            .   *        .
  2.100E+00  7.593E-01 .         *  .            .            .            .
  2.150E+00  5.628E-01 .      *     .            .            .            .
  2.200E+00  4.431E-01 .     *      .            .            .            .
  2.250E+00  3.557E-01 .    *       .            .            .            .
  2.300E+00  2.875E-01 .   *        .            .            .            .
  2.350E+00  2.325E-01 .  *         .            .            .            .
  2.400E+00  1.871E-01 . *          .            .            .            .
  2.450E+00  1.494E-01 . *          .            .            .            .
  2.500E+00  1.179E-01 . *          .            .            .            .
  2.550E+00  9.151E-02 .*           .            .            .            .
  2.600E+00  6.950E-02 .*           .            .            .            .
  2.650E+00  5.128E-02 .*           .            .            .            .
  2.700E+00  3.640E-02 *            .            .            .            .
  2.750E+00  2.446E-02 *            .            .            .            .
  2.800E+00  1.518E-02 *            .            .            .            .
  2.850E+00  8.293E-03 *            .            .            .            .
  2.900E+00  3.584E-03 *            .            .            .            .
  2.950E+00  8.726E-04 *            .            .            .            .
  3.000E+00  9.936E-08 *            .            .            .            .
  3.050E+00  9.694E-08 *            .            .            .            .
  3.100E+00  9.463E-08 *            .            .            .            .
  3.150E+00  9.243E-08 *            .            .            .            .
  3.200E+00  9.033E-08 *            .            .            .            .
  3.250E+00  8.832E-08 *            .            .            .            .
  3.300E+00  8.640E-08 *            .            .            .            .
  3.350E+00  8.456E-08 *            .            .            .            .
  3.400E+00  8.280E-08 *            .            .            .            .
  3.450E+00  8.111E-08 *            .            .            .            .
  3.500E+00  7.949E-08 *            .            .            .            .
  3.550E+00  7.793E-08 *            .            .            .            .
  3.600E+00  7.643E-08 *            .            .            .            .
  3.650E+00  7.499E-08 *            .            .            .            .
  3.700E+00  7.360E-08 *            .            .            .            .
  3.750E+00  7.226E-08 *            .            .            .            .
  3.800E+00  7.097E-08 *            .            .            .            .
  3.850E+00  6.973E-08 *            .            .            .            .
  3.900E+00  6.852E-08 *            .            .            .            .
  3.950E+00  6.736E-08 *            .            .            .            .
  4.000E+00  6.624E-08 *            .            .            .            .
  4.050E+00  6.515E-08 *            .            .            .            .
  4.100E+00  6.410E-08 *            .            .            .            .
  4.150E+00  6.309E-08 *            .            .            .            .
  4.200E+00  6.210E-08 *            .            .            .            .
  4.250E+00  6.115E-08 *            .            .            .            .
  4.300E+00  6.022E-08 *            .            .            .            .
  4.350E+00  5.932E-08 *            .            .            .            .
  4.400E+00  5.845E-08 *            .            .            .            .
  4.450E+00  5.760E-08 *            .            .            .            .
  4.500E+00  5.678E-08 *            .            .            .            .
  4.550E+00  5.598E-08 *            .            .            .            .
  4.600E+00  5.520E-08 *            .            .            .            .
  4.650E+00  5.444E-08 *            .            .            .            .
  4.700E+00  5.371E-08 *            .            .            .            .
  4.750E+00  5.299E-08 *            .            .            .            .
  4.800E+00  5.230E-08 *            .            .            .            .
  4.850E+00  5.162E-08 *            .            .            .            .
  4.900E+00  5.095E-08 *            .            .            .            .
  4.950E+00  5.031E-08 *            .            .            .            .
  5.000E+00  4.968E-08 *            .            .            .            .
                       - - - - - - - - - - - - - - - - - - - - - - - - - - - 




          JOB CONCLUDED

          TOTAL JOB TIME             .02
