
**** 10/24/20 16:03:12 *********** Evaluation PSpice (Nov 1999) **************

 *deplation nmos


 ****     CIRCUIT DESCRIPTION


******************************************************************************



.model n1 NMOS(LEVEL=1 VTO=-3V KP=20.179E-6 GAMMA=1.179
                                        +LAMBDA=0.005 PHI=0.66 uO=600 NSUB=5E15
                                        +Tox=1000E-8)
.model n2 NMOS(LEVEL=1 VTO=1V KP=20.179E-6 GAMMA=1.179
                                        +LAMBDA=0.005 PHI=0.66 uO=600 NSUB=5E15
                                        +Tox=1000E-8)

M_N1 2 1 1 0 n1 w=8u l=2u
M_N2 1 3 0 0 n2 w=2u l=2u
vgs 3 0 PULSE(0 5 1ns 2ns 2ns 18ns 40ns)
vdd 2 0 5v
cload 1 0 100ff
.tran 1ns 100ns
.plot dc v(1)
.probe
.end

**** 10/24/20 16:03:12 *********** Evaluation PSpice (Nov 1999) **************

 *deplation nmos


 ****     MOSFET MODEL PARAMETERS


******************************************************************************




               n1              n2              
               NMOS            NMOS            
       LEVEL    1               1            
           L  100.000000E-06  100.000000E-06 
           W  100.000000E-06  100.000000E-06 
         VTO   -3               1            
          KP   20.179000E-06   20.179000E-06 
       GAMMA    1.179           1.179        
         PHI     .66             .66         
      LAMBDA    5.000000E-03    5.000000E-03 
          IS   10.000000E-15   10.000000E-15 
          JS    0               0            
          PB     .8              .8          
        PBSW     .8              .8          
          CJ  227.745700E-06  227.745700E-06 
        CJSW    0               0            
        CGSO    0               0            
        CGDO    0               0            
        CGBO    0               0            
        NSUB    5.000000E+15    5.000000E+15 
         TOX   10.000000E-06   10.000000E-06 
          XJ    0               0            
       UCRIT   10.000000E+03   10.000000E+03 
      DIOMOD    1               1            
         VFB    0               0            
        LETA    0               0            
        WETA    0               0            
          U0    0               0            
        TEMP    0               0            
         VDD    0               0            
       XPART    0               0            


**** 10/24/20 16:03:12 *********** Evaluation PSpice (Nov 1999) **************

 *deplation nmos


 ****     INITIAL TRANSIENT SOLUTION       TEMPERATURE =   27.000 DEG C


******************************************************************************



 NODE   VOLTAGE     NODE   VOLTAGE     NODE   VOLTAGE     NODE   VOLTAGE


(    1)    5.0000  (    2)    5.0000  (    3)    0.0000  




    VOLTAGE SOURCE CURRENTS
    NAME         CURRENT

    vgs          0.000E+00
    vdd         -1.503E-11

    TOTAL POWER DISSIPATION   7.52E-11  WATTS



          JOB CONCLUDED

          TOTAL JOB TIME            0.00
