
**** 10/24/20 15:14:21 *********** Evaluation PSpice (Nov 1999) **************

  


 ****     CIRCUIT DESCRIPTION


******************************************************************************



.model n1 NMOS(LEVEL=1 VTO=-3V KP=20.179E-6 GAMMA=1.179
                                        +LAMBDA=0.005 PHI=0.66 uO=600 NSUB=5E15
                                        +Tox=1000E-8)
.model n2 NMOS(LEVEL=1 VTO=1V KP=20.179E-6 GAMMA=1.179
                                        +LAMBDA=0.005 PHI=0.66 uO=600 NSUB=5E15
                                        +Tox=1000E-8)

M_N1 1 2 2 0 n1 w=2u l=2u
M_N2 2 4 0 0 n2 w=4u l=2u
vgs 4 0 5v
vdd 1 0 5v
.dc vgs 0 5 0.05
.plot dc v(2)
.probe
.end

**** 10/24/20 15:14:21 *********** Evaluation PSpice (Nov 1999) **************

  


 ****     MOSFET MODEL PARAMETERS


******************************************************************************




               n1              n2              
               NMOS            NMOS            
       LEVEL    1               1            
           L  100.000000E-06  100.000000E-06 
           W  100.000000E-06  100.000000E-06 
         VTO   -3               1            
          KP   20.179000E-06   20.179000E-06 
       GAMMA    1.179           1.179        
         PHI     .66             .66         
      LAMBDA    5.000000E-03    5.000000E-03 
          IS   10.000000E-15   10.000000E-15 
          JS    0               0            
          PB     .8              .8          
        PBSW     .8              .8          
          CJ  227.745700E-06  227.745700E-06 
        CJSW    0               0            
        CGSO    0               0            
        CGDO    0               0            
        CGBO    0               0            
        NSUB    5.000000E+15    5.000000E+15 
         TOX   10.000000E-06   10.000000E-06 
          XJ    0               0            
       UCRIT   10.000000E+03   10.000000E+03 
      DIOMOD    1               1            
         VFB    0               0            
        LETA    0               0            
        WETA    0               0            
          U0    0               0            
        TEMP    0               0            
         VDD    0               0            
       XPART    0               0            


**** 10/24/20 15:14:21 *********** Evaluation PSpice (Nov 1999) **************

  


 ****     DC TRANSFER CURVES               TEMPERATURE =   27.000 DEG C


******************************************************************************



  vgs         V(2)        
(*)----------    0.0000E+00   2.0000E+00   4.0000E+00   6.0000E+00   8.0000E+00
                       _ _ _ _ _ _ _ _ _ _ _ _ _ _ _ _ _ _ _ _ _ _ _ _ _ _ _
  0.000E+00  5.000E+00 .            .            .      *     .            .
  5.000E-02  5.000E+00 .            .            .      *     .            .
  1.000E-01  5.000E+00 .            .            .      *     .            .
  1.500E-01  5.000E+00 .            .            .      *     .            .
  2.000E-01  5.000E+00 .            .            .      *     .            .
  2.500E-01  5.000E+00 .            .            .      *     .            .
  3.000E-01  5.000E+00 .            .            .      *     .            .
  3.500E-01  5.000E+00 .            .            .      *     .            .
  4.000E-01  5.000E+00 .            .            .      *     .            .
  4.500E-01  5.000E+00 .            .            .      *     .            .
  5.000E-01  5.000E+00 .            .            .      *     .            .
  5.500E-01  5.000E+00 .            .            .      *     .            .
  6.000E-01  5.000E+00 .            .            .      *     .            .
  6.500E-01  5.000E+00 .            .            .      *     .            .
  7.000E-01  5.000E+00 .            .            .      *     .            .
  7.500E-01  5.000E+00 .            .            .      *     .            .
  8.000E-01  5.000E+00 .            .            .      *     .            .
  8.500E-01  5.000E+00 .            .            .      *     .            .
  9.000E-01  5.000E+00 .            .            .      *     .            .
  9.500E-01  5.000E+00 .            .            .      *     .            .
  1.000E+00  5.000E+00 .            .            .      *     .            .
  1.050E+00  4.998E+00 .            .            .     *      .            .
  1.100E+00  4.991E+00 .            .            .     *      .            .
  1.150E+00  4.980E+00 .            .            .     *      .            .
  1.200E+00  4.964E+00 .            .            .     *      .            .
  1.250E+00  4.944E+00 .            .            .     *      .            .
  1.300E+00  4.919E+00 .            .            .     *      .            .
  1.350E+00  4.889E+00 .            .            .     *      .            .
  1.400E+00  4.853E+00 .            .            .     *      .            .
  1.450E+00  4.813E+00 .            .            .    *       .            .
  1.500E+00  4.766E+00 .            .            .    *       .            .
  1.550E+00  4.714E+00 .            .            .    *       .            .
  1.600E+00  4.655E+00 .            .            .   *        .            .
  1.650E+00  4.590E+00 .            .            .   *        .            .
  1.700E+00  4.516E+00 .            .            .  *         .            .
  1.750E+00  4.435E+00 .            .            .  *         .            .
  1.800E+00  4.343E+00 .            .            . *          .            .
  1.850E+00  4.241E+00 .            .            . *          .            .
  1.900E+00  4.126E+00 .            .            .*           .            .
  1.950E+00  3.995E+00 .            .            *            .            .
  2.000E+00  3.846E+00 .            .           *.            .            .
  2.050E+00  3.672E+00 .            .          * .            .            .
  2.100E+00  3.465E+00 .            .         *  .            .            .
  2.150E+00  3.231E+00 .            .       *    .            .            .
  2.200E+00  3.003E+00 .            .      *     .            .            .
  2.250E+00  2.783E+00 .            .    *       .            .            .
  2.300E+00  2.569E+00 .            .   *        .            .            .
  2.350E+00  2.363E+00 .            . *          .            .            .
  2.400E+00  2.164E+00 .            .*           .            .            .
  2.450E+00  1.971E+00 .            *            .            .            .
  2.500E+00  1.786E+00 .           *.            .            .            .
  2.550E+00  1.608E+00 .         *  .            .            .            .
  2.600E+00  1.458E+00 .        *   .            .            .            .
  2.650E+00  1.357E+00 .        *   .            .            .            .
  2.700E+00  1.280E+00 .       *    .            .            .            .
  2.750E+00  1.217E+00 .       *    .            .            .            .
  2.800E+00  1.164E+00 .       *    .            .            .            .
  2.850E+00  1.117E+00 .      *     .            .            .            .
  2.900E+00  1.076E+00 .      *     .            .            .            .
  2.950E+00  1.039E+00 .      *     .            .            .            .
  3.000E+00  1.006E+00 .      *     .            .            .            .
  3.050E+00  9.752E-01 .     *      .            .            .            .
  3.100E+00  9.470E-01 .     *      .            .            .            .
  3.150E+00  9.210E-01 .     *      .            .            .            .
  3.200E+00  8.967E-01 .     *      .            .            .            .
  3.250E+00  8.741E-01 .     *      .            .            .            .
  3.300E+00  8.529E-01 .     *      .            .            .            .
  3.350E+00  8.329E-01 .    *       .            .            .            .
  3.400E+00  8.141E-01 .    *       .            .            .            .
  3.450E+00  7.963E-01 .    *       .            .            .            .
  3.500E+00  7.794E-01 .    *       .            .            .            .
  3.550E+00  7.634E-01 .    *       .            .            .            .
  3.600E+00  7.482E-01 .    *       .            .            .            .
  3.650E+00  7.336E-01 .    *       .            .            .            .
  3.700E+00  7.198E-01 .    *       .            .            .            .
  3.750E+00  7.065E-01 .    *       .            .            .            .
  3.800E+00  6.938E-01 .    *       .            .            .            .
  3.850E+00  6.816E-01 .   *        .            .            .            .
  3.900E+00  6.699E-01 .   *        .            .            .            .
  3.950E+00  6.587E-01 .   *        .            .            .            .
  4.000E+00  6.479E-01 .   *        .            .            .            .
  4.050E+00  6.375E-01 .   *        .            .            .            .
  4.100E+00  6.274E-01 .   *        .            .            .            .
  4.150E+00  6.178E-01 .   *        .            .            .            .
  4.200E+00  6.084E-01 .   *        .            .            .            .
  4.250E+00  5.994E-01 .   *        .            .            .            .
  4.300E+00  5.906E-01 .   *        .            .            .            .
  4.350E+00  5.822E-01 .   *        .            .            .            .
  4.400E+00  5.740E-01 .   *        .            .            .            .
  4.450E+00  5.660E-01 .   *        .            .            .            .
  4.500E+00  5.584E-01 .   *        .            .            .            .
  4.550E+00  5.509E-01 .   *        .            .            .            .
  4.600E+00  5.436E-01 .   *        .            .            .            .
  4.650E+00  5.366E-01 .  *         .            .            .            .
  4.700E+00  5.297E-01 .  *         .            .            .            .
  4.750E+00  5.231E-01 .  *         .            .            .            .
  4.800E+00  5.166E-01 .  *         .            .            .            .
  4.850E+00  5.103E-01 .  *         .            .            .            .
  4.900E+00  5.042E-01 .  *         .            .            .            .
  4.950E+00  4.982E-01 .  *         .            .            .            .
  5.000E+00  4.924E-01 .  *         .            .            .            .
                       - - - - - - - - - - - - - - - - - - - - - - - - - - - 




          JOB CONCLUDED

          TOTAL JOB TIME             .02
