
**** 10/26/20 22:15:22 *********** Evaluation PSpice (Nov 1999) **************

 *NMOS noise margin


 ****     CIRCUIT DESCRIPTION


******************************************************************************



.model n1 NMOS(LEVEL=1 VTO=1V KP=20.179E-6 GAMMA=1.179
                                        +LAMBDA=0.005 PHI=0.66 uO=600 NSUB=5E15
                                        +Tox=1000E-8)
M_N 1 2 0 0 n1 w=8u l=2u
vgs 2 0 5v
*vsb 0 4 4v
vdd 3 0 5v
r1 3 1 100kohm
.dc vgs 0 5 0.05
.print dc v(1)
*.plot dc v(1)
.probe
.end

**** 10/26/20 22:15:22 *********** Evaluation PSpice (Nov 1999) **************

 *NMOS noise margin


 ****     MOSFET MODEL PARAMETERS


******************************************************************************




               n1              
               NMOS            
       LEVEL    1            
           L  100.000000E-06 
           W  100.000000E-06 
         VTO    1            
          KP   20.179000E-06 
       GAMMA    1.179        
         PHI     .66         
      LAMBDA    5.000000E-03 
          IS   10.000000E-15 
          JS    0            
          PB     .8          
        PBSW     .8          
          CJ  227.745700E-06 
        CJSW    0            
        CGSO    0            
        CGDO    0            
        CGBO    0            
        NSUB    5.000000E+15 
         TOX   10.000000E-06 
          XJ    0            
       UCRIT   10.000000E+03 
      DIOMOD    1            
         VFB    0            
        LETA    0            
        WETA    0            
          U0    0            
        TEMP    0            
         VDD    0            
       XPART    0            


**** 10/26/20 22:15:22 *********** Evaluation PSpice (Nov 1999) **************

 *NMOS noise margin


 ****     DC TRANSFER CURVES               TEMPERATURE =   27.000 DEG C


******************************************************************************



  vgs         V(1)        

   0.000E+00   5.000E+00
   5.000E-02   5.000E+00
   1.000E-01   5.000E+00
   1.500E-01   5.000E+00
   2.000E-01   5.000E+00
   2.500E-01   5.000E+00
   3.000E-01   5.000E+00
   3.500E-01   5.000E+00
   4.000E-01   5.000E+00
   4.500E-01   5.000E+00
   5.000E-01   5.000E+00
   5.500E-01   5.000E+00
   6.000E-01   5.000E+00
   6.500E-01   5.000E+00
   7.000E-01   5.000E+00
   7.500E-01   5.000E+00
   8.000E-01   5.000E+00
   8.500E-01   5.000E+00
   9.000E-01   5.000E+00
   9.500E-01   5.000E+00
   1.000E+00   5.000E+00
   1.050E+00   4.990E+00
   1.100E+00   4.959E+00
   1.150E+00   4.907E+00
   1.200E+00   4.835E+00
   1.250E+00   4.742E+00
   1.300E+00   4.628E+00
   1.350E+00   4.495E+00
   1.400E+00   4.340E+00
   1.450E+00   4.166E+00
   1.500E+00   3.971E+00
   1.550E+00   3.756E+00
   1.600E+00   3.522E+00
   1.650E+00   3.267E+00
   1.700E+00   2.993E+00
   1.750E+00   2.699E+00
   1.800E+00   2.386E+00
   1.850E+00   2.054E+00
   1.900E+00   1.703E+00
   1.950E+00   1.333E+00
   2.000E+00   9.537E-01
   2.050E+00   7.954E-01
   2.100E+00   7.113E-01
   2.150E+00   6.515E-01
   2.200E+00   6.048E-01
   2.250E+00   5.666E-01
   2.300E+00   5.342E-01
   2.350E+00   5.063E-01
   2.400E+00   4.818E-01
   2.450E+00   4.600E-01
   2.500E+00   4.404E-01
   2.550E+00   4.227E-01
   2.600E+00   4.066E-01
   2.650E+00   3.919E-01
   2.700E+00   3.783E-01
   2.750E+00   3.657E-01
   2.800E+00   3.540E-01
   2.850E+00   3.432E-01
   2.900E+00   3.330E-01
   2.950E+00   3.235E-01
   3.000E+00   3.145E-01
   3.050E+00   3.061E-01
   3.100E+00   2.981E-01
   3.150E+00   2.906E-01
   3.200E+00   2.835E-01
   3.250E+00   2.767E-01
   3.300E+00   2.703E-01
   3.350E+00   2.642E-01
   3.400E+00   2.584E-01
   3.450E+00   2.528E-01
   3.500E+00   2.475E-01
   3.550E+00   2.424E-01
   3.600E+00   2.375E-01
   3.650E+00   2.328E-01
   3.700E+00   2.284E-01
   3.750E+00   2.240E-01
   3.800E+00   2.199E-01
   3.850E+00   2.159E-01
   3.900E+00   2.121E-01
   3.950E+00   2.084E-01
   4.000E+00   2.048E-01
   4.050E+00   2.014E-01
   4.100E+00   1.980E-01
   4.150E+00   1.948E-01
   4.200E+00   1.917E-01
   4.250E+00   1.887E-01
   4.300E+00   1.858E-01
   4.350E+00   1.830E-01
   4.400E+00   1.802E-01
   4.450E+00   1.776E-01
   4.500E+00   1.750E-01
   4.550E+00   1.725E-01
   4.600E+00   1.701E-01
   4.650E+00   1.677E-01
   4.700E+00   1.654E-01
   4.750E+00   1.632E-01
   4.800E+00   1.611E-01
   4.850E+00   1.589E-01
   4.900E+00   1.569E-01
   4.950E+00   1.549E-01
   5.000E+00   1.529E-01




          JOB CONCLUDED

          TOTAL JOB TIME             .02
