
**** 10/23/20 08:41:41 *********** Evaluation PSpice (Nov 1999) **************

 *NMOS output characteristics


 ****     CIRCUIT DESCRIPTION


******************************************************************************



.model n1 NMOS(LEVEL=1 VTO=1V KP=20.179E-6 GAMMA=1.179
        +LAMBDA=0.005 PHI=0.66 uO=600 NSUB=5E15
        +Tox=1000E-8)
M_N 1 2 0 0 n1 w=2u l=2u
vgs 2 0 5v
vds 1 0 5v
.dc vds 0 5 0.1 vgs 0 5 1
.probe
.end

**** 10/23/20 08:41:41 *********** Evaluation PSpice (Nov 1999) **************

 *NMOS output characteristics


 ****     MOSFET MODEL PARAMETERS


******************************************************************************




               n1              
               NMOS            
       LEVEL    1            
           L  100.000000E-06 
           W  100.000000E-06 
         VTO    1            
          KP   20.179000E-06 
       GAMMA    1.179        
         PHI     .66         
      LAMBDA    5.000000E-03 
          IS   10.000000E-15 
          JS    0            
          PB     .8          
        PBSW     .8          
          CJ  227.745700E-06 
        CJSW    0            
        CGSO    0            
        CGDO    0            
        CGBO    0            
        NSUB    5.000000E+15 
         TOX   10.000000E-06 
          XJ    0            
       UCRIT   10.000000E+03 
      DIOMOD    1            
         VFB    0            
        LETA    0            
        WETA    0            
          U0    0            
        TEMP    0            
         VDD    0            
       XPART    0            



          JOB CONCLUDED

          TOTAL JOB TIME             .03
