
**** 10/24/20 14:51:53 *********** Evaluation PSpice (Nov 1999) **************

  


 ****     CIRCUIT DESCRIPTION


******************************************************************************



.model n1 NMOS(LEVEL=1 VTO=-3V KP=20.179E-6 GAMMA=1.179
                +LAMBDA=0.005 PHI=0.66 uO=600 NSUB=5E15
                +Tox=1000E-8)
.model n2 NMOS(LEVEL=1 VTO=1V KP=20.179E-6 GAMMA=1.179
                +LAMBDA=0.005 PHI=0.66 uO=600 NSUB=5E15
                +Tox=1000E-8 )
M_N1 1 2 2 0 n1 w=2u l=2u
M_N2 2 4 0 0 n2 w=2u l=2u
vgs 4 0 5v
vdd 1 0 5v
.dc vgs 0 5 0.05
.plot dc v(2)
.probe
.end

**** 10/24/20 14:51:53 *********** Evaluation PSpice (Nov 1999) **************

  


 ****     MOSFET MODEL PARAMETERS


******************************************************************************




               n1              n2              
               NMOS            NMOS            
       LEVEL    1               1            
           L  100.000000E-06  100.000000E-06 
           W  100.000000E-06  100.000000E-06 
         VTO   -3               1            
          KP   20.179000E-06   20.179000E-06 
       GAMMA    1.179           1.179        
         PHI     .66             .66         
      LAMBDA    5.000000E-03    5.000000E-03 
          IS   10.000000E-15   10.000000E-15 
          JS    0               0            
          PB     .8              .8          
        PBSW     .8              .8          
          CJ  227.745700E-06  227.745700E-06 
        CJSW    0               0            
        CGSO    0               0            
        CGDO    0               0            
        CGBO    0               0            
        NSUB    5.000000E+15    5.000000E+15 
         TOX   10.000000E-06   10.000000E-06 
          XJ    0               0            
       UCRIT   10.000000E+03   10.000000E+03 
      DIOMOD    1               1            
         VFB    0               0            
        LETA    0               0            
        WETA    0               0            
          U0    0               0            
        TEMP    0               0            
         VDD    0               0            
       XPART    0               0            


**** 10/24/20 14:51:53 *********** Evaluation PSpice (Nov 1999) **************

  


 ****     DC TRANSFER CURVES               TEMPERATURE =   27.000 DEG C


******************************************************************************



  vgs         V(2)        
(*)----------    0.0000E+00   2.0000E+00   4.0000E+00   6.0000E+00   8.0000E+00
                       _ _ _ _ _ _ _ _ _ _ _ _ _ _ _ _ _ _ _ _ _ _ _ _ _ _ _
  0.000E+00  5.000E+00 .            .            .      *     .            .
  5.000E-02  5.000E+00 .            .            .      *     .            .
  1.000E-01  5.000E+00 .            .            .      *     .            .
  1.500E-01  5.000E+00 .            .            .      *     .            .
  2.000E-01  5.000E+00 .            .            .      *     .            .
  2.500E-01  5.000E+00 .            .            .      *     .            .
  3.000E-01  5.000E+00 .            .            .      *     .            .
  3.500E-01  5.000E+00 .            .            .      *     .            .
  4.000E-01  5.000E+00 .            .            .      *     .            .
  4.500E-01  5.000E+00 .            .            .      *     .            .
  5.000E-01  5.000E+00 .            .            .      *     .            .
  5.500E-01  5.000E+00 .            .            .      *     .            .
  6.000E-01  5.000E+00 .            .            .      *     .            .
  6.500E-01  5.000E+00 .            .            .      *     .            .
  7.000E-01  5.000E+00 .            .            .      *     .            .
  7.500E-01  5.000E+00 .            .            .      *     .            .
  8.000E-01  5.000E+00 .            .            .      *     .            .
  8.500E-01  5.000E+00 .            .            .      *     .            .
  9.000E-01  5.000E+00 .            .            .      *     .            .
  9.500E-01  5.000E+00 .            .            .      *     .            .
  1.000E+00  5.000E+00 .            .            .      *     .            .
  1.050E+00  4.999E+00 .            .            .     *      .            .
  1.100E+00  4.996E+00 .            .            .     *      .            .
  1.150E+00  4.990E+00 .            .            .     *      .            .
  1.200E+00  4.982E+00 .            .            .     *      .            .
  1.250E+00  4.972E+00 .            .            .     *      .            .
  1.300E+00  4.960E+00 .            .            .     *      .            .
  1.350E+00  4.945E+00 .            .            .     *      .            .
  1.400E+00  4.928E+00 .            .            .     *      .            .
  1.450E+00  4.908E+00 .            .            .     *      .            .
  1.500E+00  4.886E+00 .            .            .     *      .            .
  1.550E+00  4.862E+00 .            .            .     *      .            .
  1.600E+00  4.834E+00 .            .            .    *       .            .
  1.650E+00  4.804E+00 .            .            .    *       .            .
  1.700E+00  4.771E+00 .            .            .    *       .            .
  1.750E+00  4.735E+00 .            .            .    *       .            .
  1.800E+00  4.696E+00 .            .            .    *       .            .
  1.850E+00  4.654E+00 .            .            .   *        .            .
  1.900E+00  4.608E+00 .            .            .   *        .            .
  1.950E+00  4.559E+00 .            .            .   *        .            .
  2.000E+00  4.505E+00 .            .            .  *         .            .
  2.050E+00  4.447E+00 .            .            .  *         .            .
  2.100E+00  4.385E+00 .            .            .  *         .            .
  2.150E+00  4.317E+00 .            .            . *          .            .
  2.200E+00  4.244E+00 .            .            . *          .            .
  2.250E+00  4.164E+00 .            .            .*           .            .
  2.300E+00  4.078E+00 .            .            .*           .            .
  2.350E+00  3.982E+00 .            .            *            .            .
  2.400E+00  3.878E+00 .            .           *.            .            .
  2.450E+00  3.761E+00 .            .          * .            .            .
  2.500E+00  3.631E+00 .            .          * .            .            .
  2.550E+00  3.483E+00 .            .         *  .            .            .
  2.600E+00  3.317E+00 .            .        *   .            .            .
  2.650E+00  3.154E+00 .            .       *    .            .            .
  2.700E+00  2.994E+00 .            .     *      .            .            .
  2.750E+00  2.837E+00 .            .    *       .            .            .
  2.800E+00  2.685E+00 .            .   *        .            .            .
  2.850E+00  2.535E+00 .            .  *         .            .            .
  2.900E+00  2.389E+00 .            .  *         .            .            .
  2.950E+00  2.247E+00 .            . *          .            .            .
  3.000E+00  2.108E+00 .            .*           .            .            .
  3.050E+00  1.977E+00 .            *            .            .            .
  3.100E+00  1.873E+00 .           *.            .            .            .
  3.150E+00  1.790E+00 .           *.            .            .            .
  3.200E+00  1.720E+00 .          * .            .            .            .
  3.250E+00  1.660E+00 .          * .            .            .            .
  3.300E+00  1.606E+00 .         *  .            .            .            .
  3.350E+00  1.558E+00 .         *  .            .            .            .
  3.400E+00  1.514E+00 .         *  .            .            .            .
  3.450E+00  1.474E+00 .         *  .            .            .            .
  3.500E+00  1.437E+00 .        *   .            .            .            .
  3.550E+00  1.402E+00 .        *   .            .            .            .
  3.600E+00  1.370E+00 .        *   .            .            .            .
  3.650E+00  1.340E+00 .        *   .            .            .            .
  3.700E+00  1.312E+00 .        *   .            .            .            .
  3.750E+00  1.285E+00 .       *    .            .            .            .
  3.800E+00  1.260E+00 .       *    .            .            .            .
  3.850E+00  1.236E+00 .       *    .            .            .            .
  3.900E+00  1.213E+00 .       *    .            .            .            .
  3.950E+00  1.192E+00 .       *    .            .            .            .
  4.000E+00  1.171E+00 .       *    .            .            .            .
  4.050E+00  1.151E+00 .      *     .            .            .            .
  4.100E+00  1.132E+00 .      *     .            .            .            .
  4.150E+00  1.114E+00 .      *     .            .            .            .
  4.200E+00  1.097E+00 .      *     .            .            .            .
  4.250E+00  1.080E+00 .      *     .            .            .            .
  4.300E+00  1.064E+00 .      *     .            .            .            .
  4.350E+00  1.048E+00 .      *     .            .            .            .
  4.400E+00  1.033E+00 .      *     .            .            .            .
  4.450E+00  1.019E+00 .      *     .            .            .            .
  4.500E+00  1.005E+00 .      *     .            .            .            .
  4.550E+00  9.915E-01 .     *      .            .            .            .
  4.600E+00  9.784E-01 .     *      .            .            .            .
  4.650E+00  9.657E-01 .     *      .            .            .            .
  4.700E+00  9.534E-01 .     *      .            .            .            .
  4.750E+00  9.415E-01 .     *      .            .            .            .
  4.800E+00  9.299E-01 .     *      .            .            .            .
  4.850E+00  9.186E-01 .     *      .            .            .            .
  4.900E+00  9.077E-01 .     *      .            .            .            .
  4.950E+00  8.971E-01 .     *      .            .            .            .
  5.000E+00  8.867E-01 .     *      .            .            .            .
                       - - - - - - - - - - - - - - - - - - - - - - - - - - - 




          JOB CONCLUDED

          TOTAL JOB TIME             .05
