


ARM Macro Assembler    Page 1 


    1 00000000                 AREA             RESET, DATA, READONLY
    2 00000000                 EXPORT           __Vectors
    3 00000000         __Vectors
    4 00000000 20001000        DCD              0x20001000  ; stack pointer val
                                                            ue when stack is em
                                                            pty
    5 00000004 00000000        DCD              Reset_Handler ; reset vector
    6 00000008                 ALIGN
    7 00000008         ; The program
    8 00000008         ; Linker requires Reset_Handler
    9 00000008                 AREA             MYCODE, CODE, READONLY
   10 00000000                 ENTRY
   11 00000000                 EXPORT           Reset_Handler
   12 00000000         Reset_Handler
   13 00000000 E3B0000A        MOVS             R0,#10
   14 00000004 E3B0100A        MOVS             R1,#10
   15 00000008 E0912000        ADDS             R2,R1,R0
   16 0000000C E0513000        SUBS             R3,R1,R0
   17 00000010 E0140091        MULS             R4,R1,R0
   18 00000014         
   19 00000014 E0015000        AND              R5,R1,R0
   20 00000018 E1816000        ORR              R6,R1,R0
   21 0000001C E0217000        EOR              R7,R1,R0
   22 00000020         
   23 00000020         
   24 00000020         STOP
   25 00000020 EAFFFFFE        B                STOP
                       
Command Line: --debug --xref --diag_suppress=9931 --apcs=interwork --depend=.\o
bjects\arithmetic.d -o.\objects\arithmetic.o -IC:\Keil_v5\ARM\RV31\INC -IC:\Kei
l_v5\ARM\CMSIS\Include -IC:\Keil_v5\ARM\Inc\Philips --predefine="__EVAL SETA 1"
 --predefine="__UVISION_VERSION SETA 522" --list=.\listings\arithmetic.lst arit
hmetic.s



ARM Macro Assembler    Page 1 Alphabetic symbol ordering
Relocatable symbols

RESET 00000000

Symbol: RESET
   Definitions
      At line 1 in file arithmetic.s
   Uses
      None
Comment: RESET unused
__Vectors 00000000

Symbol: __Vectors
   Definitions
      At line 3 in file arithmetic.s
   Uses
      At line 2 in file arithmetic.s
Comment: __Vectors used once
2 symbols



ARM Macro Assembler    Page 1 Alphabetic symbol ordering
Relocatable symbols

MYCODE 00000000

Symbol: MYCODE
   Definitions
      At line 9 in file arithmetic.s
   Uses
      None
Comment: MYCODE unused
Reset_Handler 00000000

Symbol: Reset_Handler
   Definitions
      At line 12 in file arithmetic.s
   Uses
      At line 5 in file arithmetic.s
      At line 11 in file arithmetic.s

STOP 00000020

Symbol: STOP
   Definitions
      At line 24 in file arithmetic.s
   Uses
      At line 25 in file arithmetic.s
Comment: STOP used once
3 symbols
337 symbols in table
