


ARM Macro Assembler    Page 1 


    1 00000000                 AREA             RESET, DATA, READONLY
    2 00000000                 EXPORT           __Vectors
    3 00000000         __Vectors
    4 00000000 20001000        DCD              0x20001000  ; stack pointer val
                                                            ue when stack is em
                                                            pty
    5 00000004 00000000        DCD              Reset_Handler ; reset vector
    6 00000008                 ALIGN
    7 00000008         ; The program
    8 00000008         ; Linker requires Reset_Handler
    9 00000008                 AREA             MYCODE, CODE, READONLY
   10 00000000                 ENTRY
   11 00000000                 EXPORT           Reset_Handler
   12 00000000         Reset_Handler
   13 00000000 E3B0000A        MOVS             R0,#10
   14 00000004 E3B0100A        MOVS             R1,#10
   15 00000008 E0912000        ADDS             R2,R1,R0
   16 0000000C E0100091        MULS             r0,r1,r0
   17 00000010         STOP
   18 00000010 EAFFFFFE        B                STOP
                       
Command Line: --debug --xref --diag_suppress=9931 --apcs=interwork --depend=.\o
bjects\ex_2_1.d -o.\objects\ex_2_1.o -IC:\Keil_v5\ARM\RV31\INC -IC:\Keil_v5\ARM
\CMSIS\Include -IC:\Keil_v5\ARM\Inc\Philips --predefine="__EVAL SETA 1" --prede
fine="__UVISION_VERSION SETA 522" --list=.\listings\ex_2_1.lst ex_2_1.s



ARM Macro Assembler    Page 1 Alphabetic symbol ordering
Relocatable symbols

RESET 00000000

Symbol: RESET
   Definitions
      At line 1 in file ex_2_1.s
   Uses
      None
Comment: RESET unused
__Vectors 00000000

Symbol: __Vectors
   Definitions
      At line 3 in file ex_2_1.s
   Uses
      At line 2 in file ex_2_1.s
Comment: __Vectors used once
2 symbols



ARM Macro Assembler    Page 1 Alphabetic symbol ordering
Relocatable symbols

MYCODE 00000000

Symbol: MYCODE
   Definitions
      At line 9 in file ex_2_1.s
   Uses
      None
Comment: MYCODE unused
Reset_Handler 00000000

Symbol: Reset_Handler
   Definitions
      At line 12 in file ex_2_1.s
   Uses
      At line 5 in file ex_2_1.s
      At line 11 in file ex_2_1.s

STOP 00000010

Symbol: STOP
   Definitions
      At line 17 in file ex_2_1.s
   Uses
      At line 18 in file ex_2_1.s
Comment: STOP used once
3 symbols
337 symbols in table
