


ARM Macro Assembler    Page 1 


    1 00000000                 AREA             RESET, DATA, READONLY
    2 00000000                 EXPORT           __Vectors
    3 00000000         
    4 00000000         __Vectors
    5 00000000 20001000        DCD              0x20001000
    6 00000004 00000000        DCD              Reset_Handler ; reset vector
    7 00000008                 ALIGN
    8 00000008         ; The program
    9 00000008         ; Linker requires Reset_Handler
   10 00000008                 AREA             MYCODE, CODE, READONLY
   11 00000000                 ENTRY
   12 00000000                 EXPORT           Reset_Handler
   13 00000000         Reset_Handler
   14 00000000 E28F0014        ADR              r0,srcstr   ; pointer to string
                                                            
   15 00000004 E3A01202        LDR              r1, =0x20000000 ; pointer to st
                                                            ore string
   16 00000008         strcopy
   17 00000008 E4D02001        LDRB             r2, [r0],#1 ; load byte and upd
                                                            ate address
   18 0000000C E4C12001        STRB             r2, [r1],#1 ; store byte and up
                                                            date address;
   19 00000010 E3520000        CMP              r2, #0      ; check for zero te
                                                            rminator
   20 00000014 1AFFFFFB        BNE              strcopy     ; keep going if not
                                                            
   21 00000018 EF000011        SWI              0x11        ; terminate
   22 0000001C 45 43 20 
              44 65 70 
              61 72 74 
              6D 65 6E 
              74 2C 20 
              47 45 43 
              20 52 61 
              6A 6B 6F 
              74 00    srcstr  DCB              "EC Department, GEC Rajkot",0
   23 00000036                 END
Command Line: --debug --xref --diag_suppress=9931 --apcs=interwork --depend=.\o
bjects\ex_2_2.d -o.\objects\ex_2_2.o -IC:\Keil_v5\ARM\RV31\INC -IC:\Keil_v5\ARM
\CMSIS\Include -IC:\Keil_v5\ARM\Inc\Philips --predefine="__EVAL SETA 1" --prede
fine="__UVISION_VERSION SETA 522" --list=.\listings\ex_2_2.lst ex_2_2.s



ARM Macro Assembler    Page 1 Alphabetic symbol ordering
Relocatable symbols

RESET 00000000

Symbol: RESET
   Definitions
      At line 1 in file ex_2_2.s
   Uses
      None
Comment: RESET unused
__Vectors 00000000

Symbol: __Vectors
   Definitions
      At line 4 in file ex_2_2.s
   Uses
      At line 2 in file ex_2_2.s
Comment: __Vectors used once
2 symbols



ARM Macro Assembler    Page 1 Alphabetic symbol ordering
Relocatable symbols

MYCODE 00000000

Symbol: MYCODE
   Definitions
      At line 10 in file ex_2_2.s
   Uses
      None
Comment: MYCODE unused
Reset_Handler 00000000

Symbol: Reset_Handler
   Definitions
      At line 13 in file ex_2_2.s
   Uses
      At line 6 in file ex_2_2.s
      At line 12 in file ex_2_2.s

srcstr 0000001C

Symbol: srcstr
   Definitions
      At line 22 in file ex_2_2.s
   Uses
      At line 14 in file ex_2_2.s
Comment: srcstr used once
strcopy 00000008

Symbol: strcopy
   Definitions
      At line 16 in file ex_2_2.s
   Uses
      At line 20 in file ex_2_2.s
Comment: strcopy used once
4 symbols
338 symbols in table
