Classic Timing Analyzer report for d_latch
Thu Oct 01 16:25:05 2020
Quartus II Version 8.1 Build 163 10/28/2008 SJ Web Edition


---------------------
; Table of Contents ;
---------------------
  1. Legal Notice
  2. Timing Analyzer Summary
  3. Timing Analyzer Settings
  4. Clock Settings Summary
  5. tsu
  6. tco
  7. th
  8. Timing Analyzer Messages



----------------
; Legal Notice ;
----------------
Copyright (C) 1991-2008 Altera Corporation
Your use of Altera Corporation's design tools, logic functions 
and other software and tools, and its AMPP partner logic 
functions, and any output files from any of the foregoing 
(including device programming or simulation files), and any 
associated documentation or information are expressly subject 
to the terms and conditions of the Altera Program License 
Subscription Agreement, Altera MegaCore Function License 
Agreement, or other applicable license agreement, including, 
without limitation, that your use is for the sole purpose of 
programming logic devices manufactured by Altera and sold by 
Altera or its authorized distributors.  Please refer to the 
applicable agreement for further details.



+-------------------------------------------------------------------------------------------------------------------------------+
; Timing Analyzer Summary                                                                                                       ;
+------------------------------+-------+---------------+-------------+---------+---------+------------+----------+--------------+
; Type                         ; Slack ; Required Time ; Actual Time ; From    ; To      ; From Clock ; To Clock ; Failed Paths ;
+------------------------------+-------+---------------+-------------+---------+---------+------------+----------+--------------+
; Worst-case tsu               ; N/A   ; None          ; 3.284 ns    ; D       ; Q$latch ; --         ; enable   ; 0            ;
; Worst-case tco               ; N/A   ; None          ; 6.424 ns    ; Q$latch ; Q       ; enable     ; --       ; 0            ;
; Worst-case th                ; N/A   ; None          ; -2.872 ns   ; D       ; Q$latch ; --         ; enable   ; 0            ;
; Total number of failed paths ;       ;               ;             ;         ;         ;            ;          ; 0            ;
+------------------------------+-------+---------------+-------------+---------+---------+------------+----------+--------------+


+--------------------------------------------------------------------------------------------------------------------+
; Timing Analyzer Settings                                                                                           ;
+---------------------------------------------------------------------+--------------------+------+----+-------------+
; Option                                                              ; Setting            ; From ; To ; Entity Name ;
+---------------------------------------------------------------------+--------------------+------+----+-------------+
; Device Name                                                         ; EP2S15F484C3       ;      ;    ;             ;
; Timing Models                                                       ; Final              ;      ;    ;             ;
; Default hold multicycle                                             ; Same as Multicycle ;      ;    ;             ;
; Cut paths between unrelated clock domains                           ; On                 ;      ;    ;             ;
; Cut off read during write signal paths                              ; On                 ;      ;    ;             ;
; Cut off feedback from I/O pins                                      ; On                 ;      ;    ;             ;
; Report Combined Fast/Slow Timing                                    ; Off                ;      ;    ;             ;
; Ignore Clock Settings                                               ; Off                ;      ;    ;             ;
; Analyze latches as synchronous elements                             ; On                 ;      ;    ;             ;
; Enable Recovery/Removal analysis                                    ; Off                ;      ;    ;             ;
; Enable Clock Latency                                                ; Off                ;      ;    ;             ;
; Use TimeQuest Timing Analyzer                                       ; Off                ;      ;    ;             ;
; Number of source nodes to report per destination node               ; 10                 ;      ;    ;             ;
; Number of destination nodes to report                               ; 10                 ;      ;    ;             ;
; Number of paths to report                                           ; 200                ;      ;    ;             ;
; Report Minimum Timing Checks                                        ; Off                ;      ;    ;             ;
; Use Fast Timing Models                                              ; Off                ;      ;    ;             ;
; Report IO Paths Separately                                          ; Off                ;      ;    ;             ;
; Perform Multicorner Analysis                                        ; On                 ;      ;    ;             ;
; Reports the worst-case path for each clock domain and analysis      ; Off                ;      ;    ;             ;
; Removes common clock path pessimism (CCPP) during slack computation ; Off                ;      ;    ;             ;
; Output I/O Timing Endpoint                                          ; Near End           ;      ;    ;             ;
+---------------------------------------------------------------------+--------------------+------+----+-------------+


+------------------------------------------------------------------------------------------------------------------------------------------------------------------------------------+
; Clock Settings Summary                                                                                                                                                             ;
+-----------------+--------------------+----------+------------------+---------------+--------------+----------+-----------------------+---------------------+--------+--------------+
; Clock Node Name ; Clock Setting Name ; Type     ; Fmax Requirement ; Early Latency ; Late Latency ; Based on ; Multiply Base Fmax by ; Divide Base Fmax by ; Offset ; Phase offset ;
+-----------------+--------------------+----------+------------------+---------------+--------------+----------+-----------------------+---------------------+--------+--------------+
; enable          ;                    ; User Pin ; None             ; 0.000 ns      ; 0.000 ns     ; --       ; N/A                   ; N/A                 ; N/A    ;              ;
+-----------------+--------------------+----------+------------------+---------------+--------------+----------+-----------------------+---------------------+--------+--------------+


+---------------------------------------------------------------+
; tsu                                                           ;
+-------+--------------+------------+------+---------+----------+
; Slack ; Required tsu ; Actual tsu ; From ; To      ; To Clock ;
+-------+--------------+------------+------+---------+----------+
; N/A   ; None         ; 3.284 ns   ; D    ; Q$latch ; enable   ;
+-------+--------------+------------+------+---------+----------+


+---------------------------------------------------------------+
; tco                                                           ;
+-------+--------------+------------+---------+----+------------+
; Slack ; Required tco ; Actual tco ; From    ; To ; From Clock ;
+-------+--------------+------------+---------+----+------------+
; N/A   ; None         ; 6.424 ns   ; Q$latch ; Q  ; enable     ;
+-------+--------------+------------+---------+----+------------+


+---------------------------------------------------------------------+
; th                                                                  ;
+---------------+-------------+-----------+------+---------+----------+
; Minimum Slack ; Required th ; Actual th ; From ; To      ; To Clock ;
+---------------+-------------+-----------+------+---------+----------+
; N/A           ; None        ; -2.872 ns ; D    ; Q$latch ; enable   ;
+---------------+-------------+-----------+------+---------+----------+


+--------------------------+
; Timing Analyzer Messages ;
+--------------------------+
Info: *******************************************************************
Info: Running Quartus II Classic Timing Analyzer
    Info: Version 8.1 Build 163 10/28/2008 SJ Web Edition
    Info: Processing started: Thu Oct 01 16:25:04 2020
Info: Command: quartus_tan --read_settings_files=off --write_settings_files=off d_latch -c d_latch --timing_analysis_only
Warning: Timing Analysis is analyzing one or more combinational loops as latches
    Warning: Node "Q$latch" is a latch
Warning: Found pins functioning as undefined clocks and/or memory enables
    Info: Assuming node "enable" is a latch enable and/or memory write/read enable. Will not compute fmax for this pin.
Info: tsu for register "Q$latch" (data pin = "D", clock pin = "enable") is 3.284 ns
    Info: + Longest pin to register delay is 5.365 ns
        Info: 1: + IC(0.000 ns) + CELL(0.857 ns) = 0.857 ns; Loc. = PIN_B18; Fanout = 1; PIN Node = 'D'
        Info: 2: + IC(4.151 ns) + CELL(0.357 ns) = 5.365 ns; Loc. = LCCOMB_X9_Y18_N16; Fanout = 1; REG Node = 'Q$latch'
        Info: Total cell delay = 1.214 ns ( 22.63 % )
        Info: Total interconnect delay = 4.151 ns ( 77.37 % )
    Info: + Micro setup delay of destination is 0.412 ns
    Info: - Shortest clock path from clock "enable" to destination register is 2.493 ns
        Info: 1: + IC(0.000 ns) + CELL(0.780 ns) = 0.780 ns; Loc. = PIN_L8; Fanout = 1; CLK Node = 'enable'
        Info: 2: + IC(1.559 ns) + CELL(0.154 ns) = 2.493 ns; Loc. = LCCOMB_X9_Y18_N16; Fanout = 1; REG Node = 'Q$latch'
        Info: Total cell delay = 0.934 ns ( 37.46 % )
        Info: Total interconnect delay = 1.559 ns ( 62.54 % )
Info: tco from clock "enable" to destination pin "Q" through register "Q$latch" is 6.424 ns
    Info: + Longest clock path from clock "enable" to source register is 2.493 ns
        Info: 1: + IC(0.000 ns) + CELL(0.780 ns) = 0.780 ns; Loc. = PIN_L8; Fanout = 1; CLK Node = 'enable'
        Info: 2: + IC(1.559 ns) + CELL(0.154 ns) = 2.493 ns; Loc. = LCCOMB_X9_Y18_N16; Fanout = 1; REG Node = 'Q$latch'
        Info: Total cell delay = 0.934 ns ( 37.46 % )
        Info: Total interconnect delay = 1.559 ns ( 62.54 % )
    Info: + Micro clock to output delay of source is 0.000 ns
    Info: + Longest register to pin delay is 3.931 ns
        Info: 1: + IC(0.000 ns) + CELL(0.000 ns) = 0.000 ns; Loc. = LCCOMB_X9_Y18_N16; Fanout = 1; REG Node = 'Q$latch'
        Info: 2: + IC(1.949 ns) + CELL(1.982 ns) = 3.931 ns; Loc. = PIN_AA18; Fanout = 0; PIN Node = 'Q'
        Info: Total cell delay = 1.982 ns ( 50.42 % )
        Info: Total interconnect delay = 1.949 ns ( 49.58 % )
Info: th for register "Q$latch" (data pin = "D", clock pin = "enable") is -2.872 ns
    Info: + Longest clock path from clock "enable" to destination register is 2.493 ns
        Info: 1: + IC(0.000 ns) + CELL(0.780 ns) = 0.780 ns; Loc. = PIN_L8; Fanout = 1; CLK Node = 'enable'
        Info: 2: + IC(1.559 ns) + CELL(0.154 ns) = 2.493 ns; Loc. = LCCOMB_X9_Y18_N16; Fanout = 1; REG Node = 'Q$latch'
        Info: Total cell delay = 0.934 ns ( 37.46 % )
        Info: Total interconnect delay = 1.559 ns ( 62.54 % )
    Info: + Micro hold delay of destination is 0.000 ns
    Info: - Shortest pin to register delay is 5.365 ns
        Info: 1: + IC(0.000 ns) + CELL(0.857 ns) = 0.857 ns; Loc. = PIN_B18; Fanout = 1; PIN Node = 'D'
        Info: 2: + IC(4.151 ns) + CELL(0.357 ns) = 5.365 ns; Loc. = LCCOMB_X9_Y18_N16; Fanout = 1; REG Node = 'Q$latch'
        Info: Total cell delay = 1.214 ns ( 22.63 % )
        Info: Total interconnect delay = 4.151 ns ( 77.37 % )
Info: Quartus II Classic Timing Analyzer was successful. 0 errors, 3 warnings
    Info: Peak virtual memory: 222 megabytes
    Info: Processing ended: Thu Oct 01 16:25:05 2020
    Info: Elapsed time: 00:00:01
    Info: Total CPU time (on all processors): 00:00:00


