Classic Timing Analyzer report for decoder38
Thu Oct 01 11:00:54 2020
Quartus II Version 8.1 Build 163 10/28/2008 SJ Web Edition


---------------------
; Table of Contents ;
---------------------
  1. Legal Notice
  2. Timing Analyzer Summary
  3. Timing Analyzer Settings
  4. tpd
  5. Timing Analyzer Messages



----------------
; Legal Notice ;
----------------
Copyright (C) 1991-2008 Altera Corporation
Your use of Altera Corporation's design tools, logic functions 
and other software and tools, and its AMPP partner logic 
functions, and any output files from any of the foregoing 
(including device programming or simulation files), and any 
associated documentation or information are expressly subject 
to the terms and conditions of the Altera Program License 
Subscription Agreement, Altera MegaCore Function License 
Agreement, or other applicable license agreement, including, 
without limitation, that your use is for the sole purpose of 
programming logic devices manufactured by Altera and sold by 
Altera or its authorized distributors.  Please refer to the 
applicable agreement for further details.



+-----------------------------------------------------------------------------------------------------------------------+
; Timing Analyzer Summary                                                                                               ;
+------------------------------+-------+---------------+-------------+------+----+------------+----------+--------------+
; Type                         ; Slack ; Required Time ; Actual Time ; From ; To ; From Clock ; To Clock ; Failed Paths ;
+------------------------------+-------+---------------+-------------+------+----+------------+----------+--------------+
; Worst-case tpd               ; N/A   ; None          ; 9.878 ns    ; s3   ; y7 ; --         ; --       ; 0            ;
; Total number of failed paths ;       ;               ;             ;      ;    ;            ;          ; 0            ;
+------------------------------+-------+---------------+-------------+------+----+------------+----------+--------------+


+--------------------------------------------------------------------------------------------------------------------+
; Timing Analyzer Settings                                                                                           ;
+---------------------------------------------------------------------+--------------------+------+----+-------------+
; Option                                                              ; Setting            ; From ; To ; Entity Name ;
+---------------------------------------------------------------------+--------------------+------+----+-------------+
; Device Name                                                         ; EP2S15F484C3       ;      ;    ;             ;
; Timing Models                                                       ; Final              ;      ;    ;             ;
; Default hold multicycle                                             ; Same as Multicycle ;      ;    ;             ;
; Cut paths between unrelated clock domains                           ; On                 ;      ;    ;             ;
; Cut off read during write signal paths                              ; On                 ;      ;    ;             ;
; Cut off feedback from I/O pins                                      ; On                 ;      ;    ;             ;
; Report Combined Fast/Slow Timing                                    ; Off                ;      ;    ;             ;
; Ignore Clock Settings                                               ; Off                ;      ;    ;             ;
; Analyze latches as synchronous elements                             ; On                 ;      ;    ;             ;
; Enable Recovery/Removal analysis                                    ; Off                ;      ;    ;             ;
; Enable Clock Latency                                                ; Off                ;      ;    ;             ;
; Use TimeQuest Timing Analyzer                                       ; Off                ;      ;    ;             ;
; Number of source nodes to report per destination node               ; 10                 ;      ;    ;             ;
; Number of destination nodes to report                               ; 10                 ;      ;    ;             ;
; Number of paths to report                                           ; 200                ;      ;    ;             ;
; Report Minimum Timing Checks                                        ; Off                ;      ;    ;             ;
; Use Fast Timing Models                                              ; Off                ;      ;    ;             ;
; Report IO Paths Separately                                          ; Off                ;      ;    ;             ;
; Perform Multicorner Analysis                                        ; On                 ;      ;    ;             ;
; Reports the worst-case path for each clock domain and analysis      ; Off                ;      ;    ;             ;
; Removes common clock path pessimism (CCPP) during slack computation ; Off                ;      ;    ;             ;
; Output I/O Timing Endpoint                                          ; Near End           ;      ;    ;             ;
+---------------------------------------------------------------------+--------------------+------+----+-------------+


+---------------------------------------------------------+
; tpd                                                     ;
+-------+-------------------+-----------------+------+----+
; Slack ; Required P2P Time ; Actual P2P Time ; From ; To ;
+-------+-------------------+-----------------+------+----+
; N/A   ; None              ; 9.878 ns        ; s3   ; y7 ;
; N/A   ; None              ; 9.795 ns        ; s3   ; y5 ;
; N/A   ; None              ; 9.756 ns        ; s3   ; y6 ;
; N/A   ; None              ; 9.736 ns        ; s3   ; y2 ;
; N/A   ; None              ; 9.732 ns        ; s3   ; y3 ;
; N/A   ; None              ; 9.645 ns        ; s3   ; y4 ;
; N/A   ; None              ; 9.593 ns        ; s3   ; y1 ;
; N/A   ; None              ; 9.514 ns        ; s2   ; y6 ;
; N/A   ; None              ; 9.505 ns        ; s2   ; y7 ;
; N/A   ; None              ; 9.502 ns        ; s3   ; y0 ;
; N/A   ; None              ; 9.423 ns        ; s2   ; y5 ;
; N/A   ; None              ; 9.363 ns        ; s2   ; y2 ;
; N/A   ; None              ; 9.359 ns        ; s2   ; y3 ;
; N/A   ; None              ; 9.273 ns        ; s2   ; y4 ;
; N/A   ; None              ; 9.221 ns        ; s2   ; y1 ;
; N/A   ; None              ; 9.145 ns        ; s1   ; y6 ;
; N/A   ; None              ; 9.137 ns        ; s1   ; y7 ;
; N/A   ; None              ; 9.130 ns        ; s2   ; y0 ;
; N/A   ; None              ; 9.043 ns        ; s1   ; y5 ;
; N/A   ; None              ; 9.000 ns        ; s1   ; y2 ;
; N/A   ; None              ; 8.998 ns        ; s1   ; y3 ;
; N/A   ; None              ; 8.894 ns        ; s1   ; y4 ;
; N/A   ; None              ; 8.834 ns        ; s1   ; y1 ;
; N/A   ; None              ; 8.742 ns        ; s1   ; y0 ;
+-------+-------------------+-----------------+------+----+


+--------------------------+
; Timing Analyzer Messages ;
+--------------------------+
Info: *******************************************************************
Info: Running Quartus II Classic Timing Analyzer
    Info: Version 8.1 Build 163 10/28/2008 SJ Web Edition
    Info: Processing started: Thu Oct 01 11:00:54 2020
Info: Command: quartus_tan --read_settings_files=off --write_settings_files=off decoder38 -c decoder38 --timing_analysis_only
Info: Longest tpd from source pin "s3" to destination pin "y7" is 9.878 ns
    Info: 1: + IC(0.000 ns) + CELL(0.827 ns) = 0.827 ns; Loc. = PIN_D8; Fanout = 8; PIN Node = 's3'
    Info: 2: + IC(4.931 ns) + CELL(0.346 ns) = 6.104 ns; Loc. = LCCOMB_X9_Y14_N28; Fanout = 1; COMB Node = 'y7~11'
    Info: 3: + IC(1.822 ns) + CELL(1.952 ns) = 9.878 ns; Loc. = PIN_V15; Fanout = 0; PIN Node = 'y7'
    Info: Total cell delay = 3.125 ns ( 31.64 % )
    Info: Total interconnect delay = 6.753 ns ( 68.36 % )
Info: Quartus II Classic Timing Analyzer was successful. 0 errors, 0 warnings
    Info: Peak virtual memory: 222 megabytes
    Info: Processing ended: Thu Oct 01 11:00:54 2020
    Info: Elapsed time: 00:00:00
    Info: Total CPU time (on all processors): 00:00:00


