Classic Timing Analyzer report for fsm1
Tue Oct 06 15:55:09 2020
Quartus II Version 8.1 Build 163 10/28/2008 SJ Web Edition


---------------------
; Table of Contents ;
---------------------
  1. Legal Notice
  2. Timing Analyzer Summary
  3. Timing Analyzer Settings
  4. Clock Settings Summary
  5. tsu
  6. tco
  7. th
  8. Timing Analyzer Messages



----------------
; Legal Notice ;
----------------
Copyright (C) 1991-2008 Altera Corporation
Your use of Altera Corporation's design tools, logic functions 
and other software and tools, and its AMPP partner logic 
functions, and any output files from any of the foregoing 
(including device programming or simulation files), and any 
associated documentation or information are expressly subject 
to the terms and conditions of the Altera Program License 
Subscription Agreement, Altera MegaCore Function License 
Agreement, or other applicable license agreement, including, 
without limitation, that your use is for the sole purpose of 
programming logic devices manufactured by Altera and sold by 
Altera or its authorized distributors.  Please refer to the 
applicable agreement for further details.



+-----------------------------------------------------------------------------------------------------------------------------------+
; Timing Analyzer Summary                                                                                                           ;
+------------------------------+-------+---------------+-------------+-----------+-----------+------------+----------+--------------+
; Type                         ; Slack ; Required Time ; Actual Time ; From      ; To        ; From Clock ; To Clock ; Failed Paths ;
+------------------------------+-------+---------------+-------------+-----------+-----------+------------+----------+--------------+
; Worst-case tsu               ; N/A   ; None          ; 2.189 ns    ; rst       ; y[1]~reg0 ; --         ; clk      ; 0            ;
; Worst-case tco               ; N/A   ; None          ; 5.018 ns    ; y[1]~reg0 ; y[1]      ; clk        ; --       ; 0            ;
; Worst-case th                ; N/A   ; None          ; -1.950 ns   ; rst       ; y[1]~reg0 ; --         ; clk      ; 0            ;
; Total number of failed paths ;       ;               ;             ;           ;           ;            ;          ; 0            ;
+------------------------------+-------+---------------+-------------+-----------+-----------+------------+----------+--------------+


+--------------------------------------------------------------------------------------------------------------------+
; Timing Analyzer Settings                                                                                           ;
+---------------------------------------------------------------------+--------------------+------+----+-------------+
; Option                                                              ; Setting            ; From ; To ; Entity Name ;
+---------------------------------------------------------------------+--------------------+------+----+-------------+
; Device Name                                                         ; EP2S15F484C3       ;      ;    ;             ;
; Timing Models                                                       ; Final              ;      ;    ;             ;
; Default hold multicycle                                             ; Same as Multicycle ;      ;    ;             ;
; Cut paths between unrelated clock domains                           ; On                 ;      ;    ;             ;
; Cut off read during write signal paths                              ; On                 ;      ;    ;             ;
; Cut off feedback from I/O pins                                      ; On                 ;      ;    ;             ;
; Report Combined Fast/Slow Timing                                    ; Off                ;      ;    ;             ;
; Ignore Clock Settings                                               ; Off                ;      ;    ;             ;
; Analyze latches as synchronous elements                             ; On                 ;      ;    ;             ;
; Enable Recovery/Removal analysis                                    ; Off                ;      ;    ;             ;
; Enable Clock Latency                                                ; Off                ;      ;    ;             ;
; Use TimeQuest Timing Analyzer                                       ; Off                ;      ;    ;             ;
; Number of source nodes to report per destination node               ; 10                 ;      ;    ;             ;
; Number of destination nodes to report                               ; 10                 ;      ;    ;             ;
; Number of paths to report                                           ; 200                ;      ;    ;             ;
; Report Minimum Timing Checks                                        ; Off                ;      ;    ;             ;
; Use Fast Timing Models                                              ; Off                ;      ;    ;             ;
; Report IO Paths Separately                                          ; Off                ;      ;    ;             ;
; Perform Multicorner Analysis                                        ; On                 ;      ;    ;             ;
; Reports the worst-case path for each clock domain and analysis      ; Off                ;      ;    ;             ;
; Removes common clock path pessimism (CCPP) during slack computation ; Off                ;      ;    ;             ;
; Output I/O Timing Endpoint                                          ; Near End           ;      ;    ;             ;
+---------------------------------------------------------------------+--------------------+------+----+-------------+


+------------------------------------------------------------------------------------------------------------------------------------------------------------------------------------+
; Clock Settings Summary                                                                                                                                                             ;
+-----------------+--------------------+----------+------------------+---------------+--------------+----------+-----------------------+---------------------+--------+--------------+
; Clock Node Name ; Clock Setting Name ; Type     ; Fmax Requirement ; Early Latency ; Late Latency ; Based on ; Multiply Base Fmax by ; Divide Base Fmax by ; Offset ; Phase offset ;
+-----------------+--------------------+----------+------------------+---------------+--------------+----------+-----------------------+---------------------+--------+--------------+
; clk             ;                    ; User Pin ; None             ; 0.000 ns      ; 0.000 ns     ; --       ; N/A                   ; N/A                 ; N/A    ;              ;
+-----------------+--------------------+----------+------------------+---------------+--------------+----------+-----------------------+---------------------+--------+--------------+


+-----------------------------------------------------------------+
; tsu                                                             ;
+-------+--------------+------------+------+-----------+----------+
; Slack ; Required tsu ; Actual tsu ; From ; To        ; To Clock ;
+-------+--------------+------------+------+-----------+----------+
; N/A   ; None         ; 2.189 ns   ; rst  ; y[1]~reg0 ; clk      ;
+-------+--------------+------------+------+-----------+----------+


+-------------------------------------------------------------------+
; tco                                                               ;
+-------+--------------+------------+-----------+------+------------+
; Slack ; Required tco ; Actual tco ; From      ; To   ; From Clock ;
+-------+--------------+------------+-----------+------+------------+
; N/A   ; None         ; 5.018 ns   ; y[1]~reg0 ; y[1] ; clk        ;
+-------+--------------+------------+-----------+------+------------+


+-----------------------------------------------------------------------+
; th                                                                    ;
+---------------+-------------+-----------+------+-----------+----------+
; Minimum Slack ; Required th ; Actual th ; From ; To        ; To Clock ;
+---------------+-------------+-----------+------+-----------+----------+
; N/A           ; None        ; -1.950 ns ; rst  ; y[1]~reg0 ; clk      ;
+---------------+-------------+-----------+------+-----------+----------+


+--------------------------+
; Timing Analyzer Messages ;
+--------------------------+
Info: *******************************************************************
Info: Running Quartus II Classic Timing Analyzer
    Info: Version 8.1 Build 163 10/28/2008 SJ Web Edition
    Info: Processing started: Tue Oct 06 15:55:09 2020
Info: Command: quartus_tan --read_settings_files=off --write_settings_files=off fsm1 -c fsm1 --timing_analysis_only
Warning: Found pins functioning as undefined clocks and/or memory enables
    Info: Assuming node "clk" is an undefined clock
Info: No valid register-to-register data paths exist for clock "clk"
Info: tsu for register "y[1]~reg0" (data pin = "rst", clock pin = "clk") is 2.189 ns
    Info: + Longest pin to register delay is 4.537 ns
        Info: 1: + IC(0.000 ns) + CELL(0.780 ns) = 0.780 ns; Loc. = PIN_R16; Fanout = 1; PIN Node = 'rst'
        Info: 2: + IC(3.448 ns) + CELL(0.154 ns) = 4.382 ns; Loc. = LCCOMB_X1_Y1_N0; Fanout = 1; COMB Node = 'y[1]~10'
        Info: 3: + IC(0.000 ns) + CELL(0.155 ns) = 4.537 ns; Loc. = LCFF_X1_Y1_N1; Fanout = 1; REG Node = 'y[1]~reg0'
        Info: Total cell delay = 1.089 ns ( 24.00 % )
        Info: Total interconnect delay = 3.448 ns ( 76.00 % )
    Info: + Micro setup delay of destination is 0.090 ns
    Info: - Shortest clock path from clock "clk" to destination register is 2.438 ns
        Info: 1: + IC(0.000 ns) + CELL(0.827 ns) = 0.827 ns; Loc. = PIN_V15; Fanout = 1; CLK Node = 'clk'
        Info: 2: + IC(0.993 ns) + CELL(0.618 ns) = 2.438 ns; Loc. = LCFF_X1_Y1_N1; Fanout = 1; REG Node = 'y[1]~reg0'
        Info: Total cell delay = 1.445 ns ( 59.27 % )
        Info: Total interconnect delay = 0.993 ns ( 40.73 % )
Info: tco from clock "clk" to destination pin "y[1]" through register "y[1]~reg0" is 5.018 ns
    Info: + Longest clock path from clock "clk" to source register is 2.438 ns
        Info: 1: + IC(0.000 ns) + CELL(0.827 ns) = 0.827 ns; Loc. = PIN_V15; Fanout = 1; CLK Node = 'clk'
        Info: 2: + IC(0.993 ns) + CELL(0.618 ns) = 2.438 ns; Loc. = LCFF_X1_Y1_N1; Fanout = 1; REG Node = 'y[1]~reg0'
        Info: Total cell delay = 1.445 ns ( 59.27 % )
        Info: Total interconnect delay = 0.993 ns ( 40.73 % )
    Info: + Micro clock to output delay of source is 0.094 ns
    Info: + Longest register to pin delay is 2.486 ns
        Info: 1: + IC(0.000 ns) + CELL(0.000 ns) = 0.000 ns; Loc. = LCFF_X1_Y1_N1; Fanout = 1; REG Node = 'y[1]~reg0'
        Info: 2: + IC(0.322 ns) + CELL(2.164 ns) = 2.486 ns; Loc. = PIN_Y21; Fanout = 0; PIN Node = 'y[1]'
        Info: Total cell delay = 2.164 ns ( 87.05 % )
        Info: Total interconnect delay = 0.322 ns ( 12.95 % )
Info: th for register "y[1]~reg0" (data pin = "rst", clock pin = "clk") is -1.950 ns
    Info: + Longest clock path from clock "clk" to destination register is 2.438 ns
        Info: 1: + IC(0.000 ns) + CELL(0.827 ns) = 0.827 ns; Loc. = PIN_V15; Fanout = 1; CLK Node = 'clk'
        Info: 2: + IC(0.993 ns) + CELL(0.618 ns) = 2.438 ns; Loc. = LCFF_X1_Y1_N1; Fanout = 1; REG Node = 'y[1]~reg0'
        Info: Total cell delay = 1.445 ns ( 59.27 % )
        Info: Total interconnect delay = 0.993 ns ( 40.73 % )
    Info: + Micro hold delay of destination is 0.149 ns
    Info: - Shortest pin to register delay is 4.537 ns
        Info: 1: + IC(0.000 ns) + CELL(0.780 ns) = 0.780 ns; Loc. = PIN_R16; Fanout = 1; PIN Node = 'rst'
        Info: 2: + IC(3.448 ns) + CELL(0.154 ns) = 4.382 ns; Loc. = LCCOMB_X1_Y1_N0; Fanout = 1; COMB Node = 'y[1]~10'
        Info: 3: + IC(0.000 ns) + CELL(0.155 ns) = 4.537 ns; Loc. = LCFF_X1_Y1_N1; Fanout = 1; REG Node = 'y[1]~reg0'
        Info: Total cell delay = 1.089 ns ( 24.00 % )
        Info: Total interconnect delay = 3.448 ns ( 76.00 % )
Info: Quartus II Classic Timing Analyzer was successful. 0 errors, 1 warning
    Info: Peak virtual memory: 222 megabytes
    Info: Processing ended: Tue Oct 06 15:55:09 2020
    Info: Elapsed time: 00:00:00
    Info: Total CPU time (on all processors): 00:00:01


