Classic Timing Analyzer report for jk_latch1
Fri Oct 02 14:07:26 2020
Quartus II Version 8.1 Build 163 10/28/2008 SJ Web Edition


---------------------
; Table of Contents ;
---------------------
  1. Legal Notice
  2. Timing Analyzer Summary
  3. Timing Analyzer Settings
  4. Clock Settings Summary
  5. Clock Setup: 'clk'
  6. tsu
  7. tco
  8. th
  9. Timing Analyzer Messages



----------------
; Legal Notice ;
----------------
Copyright (C) 1991-2008 Altera Corporation
Your use of Altera Corporation's design tools, logic functions 
and other software and tools, and its AMPP partner logic 
functions, and any output files from any of the foregoing 
(including device programming or simulation files), and any 
associated documentation or information are expressly subject 
to the terms and conditions of the Altera Program License 
Subscription Agreement, Altera MegaCore Function License 
Agreement, or other applicable license agreement, including, 
without limitation, that your use is for the sole purpose of 
programming logic devices manufactured by Altera and sold by 
Altera or its authorized distributors.  Please refer to the 
applicable agreement for further details.



+------------------------------------------------------------------------------------------------------------------------------------------------------------------+
; Timing Analyzer Summary                                                                                                                                          ;
+------------------------------+-------+---------------+------------------------------------------------+---------+---------+------------+----------+--------------+
; Type                         ; Slack ; Required Time ; Actual Time                                    ; From    ; To      ; From Clock ; To Clock ; Failed Paths ;
+------------------------------+-------+---------------+------------------------------------------------+---------+---------+------------+----------+--------------+
; Worst-case tsu               ; N/A   ; None          ; 4.307 ns                                       ; j       ; q$latch ; --         ; clk      ; 0            ;
; Worst-case tco               ; N/A   ; None          ; 4.447 ns                                       ; q$latch ; q       ; clk        ; --       ; 0            ;
; Worst-case th                ; N/A   ; None          ; -3.403 ns                                      ; k       ; q$latch ; --         ; clk      ; 0            ;
; Clock Setup: 'clk'           ; N/A   ; None          ; Restricted to 500.00 MHz ( period = 2.000 ns ) ; q$latch ; q$latch ; clk        ; clk      ; 0            ;
; Total number of failed paths ;       ;               ;                                                ;         ;         ;            ;          ; 0            ;
+------------------------------+-------+---------------+------------------------------------------------+---------+---------+------------+----------+--------------+


+--------------------------------------------------------------------------------------------------------------------+
; Timing Analyzer Settings                                                                                           ;
+---------------------------------------------------------------------+--------------------+------+----+-------------+
; Option                                                              ; Setting            ; From ; To ; Entity Name ;
+---------------------------------------------------------------------+--------------------+------+----+-------------+
; Device Name                                                         ; EP2S15F484C3       ;      ;    ;             ;
; Timing Models                                                       ; Final              ;      ;    ;             ;
; Default hold multicycle                                             ; Same as Multicycle ;      ;    ;             ;
; Cut paths between unrelated clock domains                           ; On                 ;      ;    ;             ;
; Cut off read during write signal paths                              ; On                 ;      ;    ;             ;
; Cut off feedback from I/O pins                                      ; On                 ;      ;    ;             ;
; Report Combined Fast/Slow Timing                                    ; Off                ;      ;    ;             ;
; Ignore Clock Settings                                               ; Off                ;      ;    ;             ;
; Analyze latches as synchronous elements                             ; On                 ;      ;    ;             ;
; Enable Recovery/Removal analysis                                    ; Off                ;      ;    ;             ;
; Enable Clock Latency                                                ; Off                ;      ;    ;             ;
; Use TimeQuest Timing Analyzer                                       ; Off                ;      ;    ;             ;
; Number of source nodes to report per destination node               ; 10                 ;      ;    ;             ;
; Number of destination nodes to report                               ; 10                 ;      ;    ;             ;
; Number of paths to report                                           ; 200                ;      ;    ;             ;
; Report Minimum Timing Checks                                        ; Off                ;      ;    ;             ;
; Use Fast Timing Models                                              ; Off                ;      ;    ;             ;
; Report IO Paths Separately                                          ; Off                ;      ;    ;             ;
; Perform Multicorner Analysis                                        ; On                 ;      ;    ;             ;
; Reports the worst-case path for each clock domain and analysis      ; Off                ;      ;    ;             ;
; Removes common clock path pessimism (CCPP) during slack computation ; Off                ;      ;    ;             ;
; Output I/O Timing Endpoint                                          ; Near End           ;      ;    ;             ;
+---------------------------------------------------------------------+--------------------+------+----+-------------+


+------------------------------------------------------------------------------------------------------------------------------------------------------------------------------------+
; Clock Settings Summary                                                                                                                                                             ;
+-----------------+--------------------+----------+------------------+---------------+--------------+----------+-----------------------+---------------------+--------+--------------+
; Clock Node Name ; Clock Setting Name ; Type     ; Fmax Requirement ; Early Latency ; Late Latency ; Based on ; Multiply Base Fmax by ; Divide Base Fmax by ; Offset ; Phase offset ;
+-----------------+--------------------+----------+------------------+---------------+--------------+----------+-----------------------+---------------------+--------+--------------+
; clk             ;                    ; User Pin ; None             ; 0.000 ns      ; 0.000 ns     ; --       ; N/A                   ; N/A                 ; N/A    ;              ;
+-----------------+--------------------+----------+------------------+---------------+--------------+----------+-----------------------+---------------------+--------+--------------+


+----------------------------------------------------------------------------------------------------------------------------------------------------------------------------------------+
; Clock Setup: 'clk'                                                                                                                                                                     ;
+-------+------------------------------------------------+---------+---------+------------+----------+-----------------------------+---------------------------+-------------------------+
; Slack ; Actual fmax (period)                           ; From    ; To      ; From Clock ; To Clock ; Required Setup Relationship ; Required Longest P2P Time ; Actual Longest P2P Time ;
+-------+------------------------------------------------+---------+---------+------------+----------+-----------------------------+---------------------------+-------------------------+
; N/A   ; Restricted to 500.00 MHz ( period = 2.000 ns ) ; q$latch ; q$latch ; clk        ; clk      ; None                        ; None                      ; 0.623 ns                ;
+-------+------------------------------------------------+---------+---------+------------+----------+-----------------------------+---------------------------+-------------------------+


+---------------------------------------------------------------+
; tsu                                                           ;
+-------+--------------+------------+------+---------+----------+
; Slack ; Required tsu ; Actual tsu ; From ; To      ; To Clock ;
+-------+--------------+------------+------+---------+----------+
; N/A   ; None         ; 4.307 ns   ; j    ; q$latch ; clk      ;
; N/A   ; None         ; 4.052 ns   ; k    ; q$latch ; clk      ;
+-------+--------------+------------+------+---------+----------+


+---------------------------------------------------------------+
; tco                                                           ;
+-------+--------------+------------+---------+----+------------+
; Slack ; Required tco ; Actual tco ; From    ; To ; From Clock ;
+-------+--------------+------------+---------+----+------------+
; N/A   ; None         ; 4.447 ns   ; q$latch ; q  ; clk        ;
+-------+--------------+------------+---------+----+------------+


+---------------------------------------------------------------------+
; th                                                                  ;
+---------------+-------------+-----------+------+---------+----------+
; Minimum Slack ; Required th ; Actual th ; From ; To      ; To Clock ;
+---------------+-------------+-----------+------+---------+----------+
; N/A           ; None        ; -3.403 ns ; k    ; q$latch ; clk      ;
; N/A           ; None        ; -3.658 ns ; j    ; q$latch ; clk      ;
+---------------+-------------+-----------+------+---------+----------+


+--------------------------+
; Timing Analyzer Messages ;
+--------------------------+
Info: *******************************************************************
Info: Running Quartus II Classic Timing Analyzer
    Info: Version 8.1 Build 163 10/28/2008 SJ Web Edition
    Info: Processing started: Fri Oct 02 14:07:25 2020
Info: Command: quartus_tan --read_settings_files=off --write_settings_files=off jk_latch1 -c jk_latch1 --timing_analysis_only
Warning: Timing Analysis is analyzing one or more combinational loops as latches
    Warning: Node "q$latch" is a latch
Warning: Found pins functioning as undefined clocks and/or memory enables
    Info: Assuming node "clk" is a latch enable and/or memory write/read enable. Will not compute fmax for this pin.
Info: Clock "clk" Internal fmax is restricted to 500.0 MHz between source register "q$latch" and destination register "q$latch"
    Info: fmax restricted to clock pin edge rate 2.0 ns. Expand message to see actual delay path.
        Info: + Longest register to register delay is 0.623 ns
            Info: 1: + IC(0.000 ns) + CELL(0.000 ns) = 0.000 ns; Loc. = LCCOMB_X39_Y6_N22; Fanout = 2; REG Node = 'q$latch'
            Info: 2: + IC(0.318 ns) + CELL(0.053 ns) = 0.371 ns; Loc. = LCCOMB_X39_Y6_N0; Fanout = 1; COMB Node = 'q~11'
            Info: 3: + IC(0.199 ns) + CELL(0.053 ns) = 0.623 ns; Loc. = LCCOMB_X39_Y6_N22; Fanout = 2; REG Node = 'q$latch'
            Info: Total cell delay = 0.106 ns ( 17.01 % )
            Info: Total interconnect delay = 0.517 ns ( 82.99 % )
        Info: - Smallest clock skew is 0.000 ns
            Info: + Shortest clock path from clock "clk" to destination register is 1.689 ns
                Info: 1: + IC(0.000 ns) + CELL(0.810 ns) = 0.810 ns; Loc. = PIN_R4; Fanout = 1; CLK Node = 'clk'
                Info: 2: + IC(0.607 ns) + CELL(0.272 ns) = 1.689 ns; Loc. = LCCOMB_X39_Y6_N22; Fanout = 2; REG Node = 'q$latch'
                Info: Total cell delay = 1.082 ns ( 64.06 % )
                Info: Total interconnect delay = 0.607 ns ( 35.94 % )
            Info: - Longest clock path from clock "clk" to source register is 1.689 ns
                Info: 1: + IC(0.000 ns) + CELL(0.810 ns) = 0.810 ns; Loc. = PIN_R4; Fanout = 1; CLK Node = 'clk'
                Info: 2: + IC(0.607 ns) + CELL(0.272 ns) = 1.689 ns; Loc. = LCCOMB_X39_Y6_N22; Fanout = 2; REG Node = 'q$latch'
                Info: Total cell delay = 1.082 ns ( 64.06 % )
                Info: Total interconnect delay = 0.607 ns ( 35.94 % )
        Info: + Micro clock to output delay of source is 0.000 ns
        Info: + Micro setup delay of destination is 0.649 ns
Info: tsu for register "q$latch" (data pin = "j", clock pin = "clk") is 4.307 ns
    Info: + Longest pin to register delay is 5.347 ns
        Info: 1: + IC(0.000 ns) + CELL(0.837 ns) = 0.837 ns; Loc. = PIN_W7; Fanout = 1; PIN Node = 'j'
        Info: 2: + IC(4.104 ns) + CELL(0.154 ns) = 5.095 ns; Loc. = LCCOMB_X39_Y6_N0; Fanout = 1; COMB Node = 'q~11'
        Info: 3: + IC(0.199 ns) + CELL(0.053 ns) = 5.347 ns; Loc. = LCCOMB_X39_Y6_N22; Fanout = 2; REG Node = 'q$latch'
        Info: Total cell delay = 1.044 ns ( 19.52 % )
        Info: Total interconnect delay = 4.303 ns ( 80.48 % )
    Info: + Micro setup delay of destination is 0.649 ns
    Info: - Shortest clock path from clock "clk" to destination register is 1.689 ns
        Info: 1: + IC(0.000 ns) + CELL(0.810 ns) = 0.810 ns; Loc. = PIN_R4; Fanout = 1; CLK Node = 'clk'
        Info: 2: + IC(0.607 ns) + CELL(0.272 ns) = 1.689 ns; Loc. = LCCOMB_X39_Y6_N22; Fanout = 2; REG Node = 'q$latch'
        Info: Total cell delay = 1.082 ns ( 64.06 % )
        Info: Total interconnect delay = 0.607 ns ( 35.94 % )
Info: tco from clock "clk" to destination pin "q" through register "q$latch" is 4.447 ns
    Info: + Longest clock path from clock "clk" to source register is 1.689 ns
        Info: 1: + IC(0.000 ns) + CELL(0.810 ns) = 0.810 ns; Loc. = PIN_R4; Fanout = 1; CLK Node = 'clk'
        Info: 2: + IC(0.607 ns) + CELL(0.272 ns) = 1.689 ns; Loc. = LCCOMB_X39_Y6_N22; Fanout = 2; REG Node = 'q$latch'
        Info: Total cell delay = 1.082 ns ( 64.06 % )
        Info: Total interconnect delay = 0.607 ns ( 35.94 % )
    Info: + Micro clock to output delay of source is 0.000 ns
    Info: + Longest register to pin delay is 2.758 ns
        Info: 1: + IC(0.000 ns) + CELL(0.000 ns) = 0.000 ns; Loc. = LCCOMB_X39_Y6_N22; Fanout = 2; REG Node = 'q$latch'
        Info: 2: + IC(0.624 ns) + CELL(2.134 ns) = 2.758 ns; Loc. = PIN_T6; Fanout = 0; PIN Node = 'q'
        Info: Total cell delay = 2.134 ns ( 77.37 % )
        Info: Total interconnect delay = 0.624 ns ( 22.63 % )
Info: th for register "q$latch" (data pin = "k", clock pin = "clk") is -3.403 ns
    Info: + Longest clock path from clock "clk" to destination register is 1.689 ns
        Info: 1: + IC(0.000 ns) + CELL(0.810 ns) = 0.810 ns; Loc. = PIN_R4; Fanout = 1; CLK Node = 'clk'
        Info: 2: + IC(0.607 ns) + CELL(0.272 ns) = 1.689 ns; Loc. = LCCOMB_X39_Y6_N22; Fanout = 2; REG Node = 'q$latch'
        Info: Total cell delay = 1.082 ns ( 64.06 % )
        Info: Total interconnect delay = 0.607 ns ( 35.94 % )
    Info: + Micro hold delay of destination is 0.000 ns
    Info: - Shortest pin to register delay is 5.092 ns
        Info: 1: + IC(0.000 ns) + CELL(0.790 ns) = 0.790 ns; Loc. = PIN_N8; Fanout = 1; PIN Node = 'k'
        Info: 2: + IC(3.778 ns) + CELL(0.272 ns) = 4.840 ns; Loc. = LCCOMB_X39_Y6_N0; Fanout = 1; COMB Node = 'q~11'
        Info: 3: + IC(0.199 ns) + CELL(0.053 ns) = 5.092 ns; Loc. = LCCOMB_X39_Y6_N22; Fanout = 2; REG Node = 'q$latch'
        Info: Total cell delay = 1.115 ns ( 21.90 % )
        Info: Total interconnect delay = 3.977 ns ( 78.10 % )
Info: Quartus II Classic Timing Analyzer was successful. 0 errors, 3 warnings
    Info: Peak virtual memory: 222 megabytes
    Info: Processing ended: Fri Oct 02 14:07:26 2020
    Info: Elapsed time: 00:00:01
    Info: Total CPU time (on all processors): 00:00:00


