Classic Timing Analyzer report for shiftRightpiso
Sun Oct 04 14:50:00 2020
Quartus II Version 8.1 Build 163 10/28/2008 SJ Web Edition


---------------------
; Table of Contents ;
---------------------
  1. Legal Notice
  2. Timing Analyzer Summary
  3. Timing Analyzer Settings
  4. Clock Settings Summary
  5. Clock Setup: 'clk'
  6. tsu
  7. tco
  8. th
  9. Timing Analyzer Messages



----------------
; Legal Notice ;
----------------
Copyright (C) 1991-2008 Altera Corporation
Your use of Altera Corporation's design tools, logic functions 
and other software and tools, and its AMPP partner logic 
functions, and any output files from any of the foregoing 
(including device programming or simulation files), and any 
associated documentation or information are expressly subject 
to the terms and conditions of the Altera Program License 
Subscription Agreement, Altera MegaCore Function License 
Agreement, or other applicable license agreement, including, 
without limitation, that your use is for the sole purpose of 
programming logic devices manufactured by Altera and sold by 
Altera or its authorized distributors.  Please refer to the 
applicable agreement for further details.



+------------------------------------------------------------------------------------------------------------------------------------------------------------+
; Timing Analyzer Summary                                                                                                                                    ;
+------------------------------+-------+---------------+------------------------------------------------+--------+----+------------+----------+--------------+
; Type                         ; Slack ; Required Time ; Actual Time                                    ; From   ; To ; From Clock ; To Clock ; Failed Paths ;
+------------------------------+-------+---------------+------------------------------------------------+--------+----+------------+----------+--------------+
; Worst-case tsu               ; N/A   ; None          ; 2.378 ns                                       ; data   ; a  ; --         ; clk      ; 0            ;
; Worst-case tco               ; N/A   ; None          ; 5.133 ns                                       ; y~reg0 ; y  ; clk        ; --       ; 0            ;
; Worst-case th                ; N/A   ; None          ; -2.139 ns                                      ; data   ; a  ; --         ; clk      ; 0            ;
; Clock Setup: 'clk'           ; N/A   ; None          ; Restricted to 500.00 MHz ( period = 2.000 ns ) ; b      ; c  ; clk        ; clk      ; 0            ;
; Total number of failed paths ;       ;               ;                                                ;        ;    ;            ;          ; 0            ;
+------------------------------+-------+---------------+------------------------------------------------+--------+----+------------+----------+--------------+


+--------------------------------------------------------------------------------------------------------------------+
; Timing Analyzer Settings                                                                                           ;
+---------------------------------------------------------------------+--------------------+------+----+-------------+
; Option                                                              ; Setting            ; From ; To ; Entity Name ;
+---------------------------------------------------------------------+--------------------+------+----+-------------+
; Device Name                                                         ; EP2S15F484C3       ;      ;    ;             ;
; Timing Models                                                       ; Final              ;      ;    ;             ;
; Default hold multicycle                                             ; Same as Multicycle ;      ;    ;             ;
; Cut paths between unrelated clock domains                           ; On                 ;      ;    ;             ;
; Cut off read during write signal paths                              ; On                 ;      ;    ;             ;
; Cut off feedback from I/O pins                                      ; On                 ;      ;    ;             ;
; Report Combined Fast/Slow Timing                                    ; Off                ;      ;    ;             ;
; Ignore Clock Settings                                               ; Off                ;      ;    ;             ;
; Analyze latches as synchronous elements                             ; On                 ;      ;    ;             ;
; Enable Recovery/Removal analysis                                    ; Off                ;      ;    ;             ;
; Enable Clock Latency                                                ; Off                ;      ;    ;             ;
; Use TimeQuest Timing Analyzer                                       ; Off                ;      ;    ;             ;
; Number of source nodes to report per destination node               ; 10                 ;      ;    ;             ;
; Number of destination nodes to report                               ; 10                 ;      ;    ;             ;
; Number of paths to report                                           ; 200                ;      ;    ;             ;
; Report Minimum Timing Checks                                        ; Off                ;      ;    ;             ;
; Use Fast Timing Models                                              ; Off                ;      ;    ;             ;
; Report IO Paths Separately                                          ; Off                ;      ;    ;             ;
; Perform Multicorner Analysis                                        ; On                 ;      ;    ;             ;
; Reports the worst-case path for each clock domain and analysis      ; Off                ;      ;    ;             ;
; Removes common clock path pessimism (CCPP) during slack computation ; Off                ;      ;    ;             ;
; Output I/O Timing Endpoint                                          ; Near End           ;      ;    ;             ;
+---------------------------------------------------------------------+--------------------+------+----+-------------+


+------------------------------------------------------------------------------------------------------------------------------------------------------------------------------------+
; Clock Settings Summary                                                                                                                                                             ;
+-----------------+--------------------+----------+------------------+---------------+--------------+----------+-----------------------+---------------------+--------+--------------+
; Clock Node Name ; Clock Setting Name ; Type     ; Fmax Requirement ; Early Latency ; Late Latency ; Based on ; Multiply Base Fmax by ; Divide Base Fmax by ; Offset ; Phase offset ;
+-----------------+--------------------+----------+------------------+---------------+--------------+----------+-----------------------+---------------------+--------+--------------+
; clk             ;                    ; User Pin ; None             ; 0.000 ns      ; 0.000 ns     ; --       ; N/A                   ; N/A                 ; N/A    ;              ;
+-----------------+--------------------+----------+------------------+---------------+--------------+----------+-----------------------+---------------------+--------+--------------+


+------------------------------------------------------------------------------------------------------------------------------------------------------------------------------------+
; Clock Setup: 'clk'                                                                                                                                                                 ;
+-------+------------------------------------------------+------+--------+------------+----------+-----------------------------+---------------------------+-------------------------+
; Slack ; Actual fmax (period)                           ; From ; To     ; From Clock ; To Clock ; Required Setup Relationship ; Required Longest P2P Time ; Actual Longest P2P Time ;
+-------+------------------------------------------------+------+--------+------------+----------+-----------------------------+---------------------------+-------------------------+
; N/A   ; Restricted to 500.00 MHz ( period = 2.000 ns ) ; b    ; c      ; clk        ; clk      ; None                        ; None                      ; 0.508 ns                ;
; N/A   ; Restricted to 500.00 MHz ( period = 2.000 ns ) ; c    ; y~reg0 ; clk        ; clk      ; None                        ; None                      ; 0.407 ns                ;
; N/A   ; Restricted to 500.00 MHz ( period = 2.000 ns ) ; a    ; b      ; clk        ; clk      ; None                        ; None                      ; 0.405 ns                ;
+-------+------------------------------------------------+------+--------+------------+----------+-----------------------------+---------------------------+-------------------------+


+----------------------------------------------------------+
; tsu                                                      ;
+-------+--------------+------------+------+----+----------+
; Slack ; Required tsu ; Actual tsu ; From ; To ; To Clock ;
+-------+--------------+------------+------+----+----------+
; N/A   ; None         ; 2.378 ns   ; data ; a  ; clk      ;
+-------+--------------+------------+------+----+----------+


+--------------------------------------------------------------+
; tco                                                          ;
+-------+--------------+------------+--------+----+------------+
; Slack ; Required tco ; Actual tco ; From   ; To ; From Clock ;
+-------+--------------+------------+--------+----+------------+
; N/A   ; None         ; 5.133 ns   ; y~reg0 ; y  ; clk        ;
+-------+--------------+------------+--------+----+------------+


+----------------------------------------------------------------+
; th                                                             ;
+---------------+-------------+-----------+------+----+----------+
; Minimum Slack ; Required th ; Actual th ; From ; To ; To Clock ;
+---------------+-------------+-----------+------+----+----------+
; N/A           ; None        ; -2.139 ns ; data ; a  ; clk      ;
+---------------+-------------+-----------+------+----+----------+


+--------------------------+
; Timing Analyzer Messages ;
+--------------------------+
Info: *******************************************************************
Info: Running Quartus II Classic Timing Analyzer
    Info: Version 8.1 Build 163 10/28/2008 SJ Web Edition
    Info: Processing started: Sun Oct 04 14:49:59 2020
Info: Command: quartus_tan --read_settings_files=off --write_settings_files=off shiftRightpiso -c shiftRightpiso --timing_analysis_only
Warning: Found pins functioning as undefined clocks and/or memory enables
    Info: Assuming node "clk" is an undefined clock
Info: Clock "clk" Internal fmax is restricted to 500.0 MHz between source register "b" and destination register "c"
    Info: fmax restricted to clock pin edge rate 2.0 ns. Expand message to see actual delay path.
        Info: + Longest register to register delay is 0.508 ns
            Info: 1: + IC(0.000 ns) + CELL(0.000 ns) = 0.000 ns; Loc. = LCFF_X19_Y2_N7; Fanout = 1; REG Node = 'b'
            Info: 2: + IC(0.300 ns) + CELL(0.053 ns) = 0.353 ns; Loc. = LCCOMB_X19_Y2_N0; Fanout = 1; COMB Node = 'c~feeder'
            Info: 3: + IC(0.000 ns) + CELL(0.155 ns) = 0.508 ns; Loc. = LCFF_X19_Y2_N1; Fanout = 1; REG Node = 'c'
            Info: Total cell delay = 0.208 ns ( 40.94 % )
            Info: Total interconnect delay = 0.300 ns ( 59.06 % )
        Info: - Smallest clock skew is 0.000 ns
            Info: + Shortest clock path from clock "clk" to destination register is 2.473 ns
                Info: 1: + IC(0.000 ns) + CELL(0.854 ns) = 0.854 ns; Loc. = PIN_N20; Fanout = 1; CLK Node = 'clk'
                Info: 2: + IC(0.343 ns) + CELL(0.000 ns) = 1.197 ns; Loc. = CLKCTRL_G3; Fanout = 4; COMB Node = 'clk~clkctrl'
                Info: 3: + IC(0.658 ns) + CELL(0.618 ns) = 2.473 ns; Loc. = LCFF_X19_Y2_N1; Fanout = 1; REG Node = 'c'
                Info: Total cell delay = 1.472 ns ( 59.52 % )
                Info: Total interconnect delay = 1.001 ns ( 40.48 % )
            Info: - Longest clock path from clock "clk" to source register is 2.473 ns
                Info: 1: + IC(0.000 ns) + CELL(0.854 ns) = 0.854 ns; Loc. = PIN_N20; Fanout = 1; CLK Node = 'clk'
                Info: 2: + IC(0.343 ns) + CELL(0.000 ns) = 1.197 ns; Loc. = CLKCTRL_G3; Fanout = 4; COMB Node = 'clk~clkctrl'
                Info: 3: + IC(0.658 ns) + CELL(0.618 ns) = 2.473 ns; Loc. = LCFF_X19_Y2_N7; Fanout = 1; REG Node = 'b'
                Info: Total cell delay = 1.472 ns ( 59.52 % )
                Info: Total interconnect delay = 1.001 ns ( 40.48 % )
        Info: + Micro clock to output delay of source is 0.094 ns
        Info: + Micro setup delay of destination is 0.090 ns
Info: tsu for register "a" (data pin = "data", clock pin = "clk") is 2.378 ns
    Info: + Longest pin to register delay is 4.761 ns
        Info: 1: + IC(0.000 ns) + CELL(0.809 ns) = 0.809 ns; Loc. = PIN_AA13; Fanout = 1; PIN Node = 'data'
        Info: 2: + IC(3.744 ns) + CELL(0.053 ns) = 4.606 ns; Loc. = LCCOMB_X19_Y2_N4; Fanout = 1; COMB Node = 'a~feeder'
        Info: 3: + IC(0.000 ns) + CELL(0.155 ns) = 4.761 ns; Loc. = LCFF_X19_Y2_N5; Fanout = 1; REG Node = 'a'
        Info: Total cell delay = 1.017 ns ( 21.36 % )
        Info: Total interconnect delay = 3.744 ns ( 78.64 % )
    Info: + Micro setup delay of destination is 0.090 ns
    Info: - Shortest clock path from clock "clk" to destination register is 2.473 ns
        Info: 1: + IC(0.000 ns) + CELL(0.854 ns) = 0.854 ns; Loc. = PIN_N20; Fanout = 1; CLK Node = 'clk'
        Info: 2: + IC(0.343 ns) + CELL(0.000 ns) = 1.197 ns; Loc. = CLKCTRL_G3; Fanout = 4; COMB Node = 'clk~clkctrl'
        Info: 3: + IC(0.658 ns) + CELL(0.618 ns) = 2.473 ns; Loc. = LCFF_X19_Y2_N5; Fanout = 1; REG Node = 'a'
        Info: Total cell delay = 1.472 ns ( 59.52 % )
        Info: Total interconnect delay = 1.001 ns ( 40.48 % )
Info: tco from clock "clk" to destination pin "y" through register "y~reg0" is 5.133 ns
    Info: + Longest clock path from clock "clk" to source register is 2.473 ns
        Info: 1: + IC(0.000 ns) + CELL(0.854 ns) = 0.854 ns; Loc. = PIN_N20; Fanout = 1; CLK Node = 'clk'
        Info: 2: + IC(0.343 ns) + CELL(0.000 ns) = 1.197 ns; Loc. = CLKCTRL_G3; Fanout = 4; COMB Node = 'clk~clkctrl'
        Info: 3: + IC(0.658 ns) + CELL(0.618 ns) = 2.473 ns; Loc. = LCFF_X19_Y2_N3; Fanout = 1; REG Node = 'y~reg0'
        Info: Total cell delay = 1.472 ns ( 59.52 % )
        Info: Total interconnect delay = 1.001 ns ( 40.48 % )
    Info: + Micro clock to output delay of source is 0.094 ns
    Info: + Longest register to pin delay is 2.566 ns
        Info: 1: + IC(0.000 ns) + CELL(0.000 ns) = 0.000 ns; Loc. = LCFF_X19_Y2_N3; Fanout = 1; REG Node = 'y~reg0'
        Info: 2: + IC(0.568 ns) + CELL(1.998 ns) = 2.566 ns; Loc. = PIN_AA12; Fanout = 0; PIN Node = 'y'
        Info: Total cell delay = 1.998 ns ( 77.86 % )
        Info: Total interconnect delay = 0.568 ns ( 22.14 % )
Info: th for register "a" (data pin = "data", clock pin = "clk") is -2.139 ns
    Info: + Longest clock path from clock "clk" to destination register is 2.473 ns
        Info: 1: + IC(0.000 ns) + CELL(0.854 ns) = 0.854 ns; Loc. = PIN_N20; Fanout = 1; CLK Node = 'clk'
        Info: 2: + IC(0.343 ns) + CELL(0.000 ns) = 1.197 ns; Loc. = CLKCTRL_G3; Fanout = 4; COMB Node = 'clk~clkctrl'
        Info: 3: + IC(0.658 ns) + CELL(0.618 ns) = 2.473 ns; Loc. = LCFF_X19_Y2_N5; Fanout = 1; REG Node = 'a'
        Info: Total cell delay = 1.472 ns ( 59.52 % )
        Info: Total interconnect delay = 1.001 ns ( 40.48 % )
    Info: + Micro hold delay of destination is 0.149 ns
    Info: - Shortest pin to register delay is 4.761 ns
        Info: 1: + IC(0.000 ns) + CELL(0.809 ns) = 0.809 ns; Loc. = PIN_AA13; Fanout = 1; PIN Node = 'data'
        Info: 2: + IC(3.744 ns) + CELL(0.053 ns) = 4.606 ns; Loc. = LCCOMB_X19_Y2_N4; Fanout = 1; COMB Node = 'a~feeder'
        Info: 3: + IC(0.000 ns) + CELL(0.155 ns) = 4.761 ns; Loc. = LCFF_X19_Y2_N5; Fanout = 1; REG Node = 'a'
        Info: Total cell delay = 1.017 ns ( 21.36 % )
        Info: Total interconnect delay = 3.744 ns ( 78.64 % )
Info: Quartus II Classic Timing Analyzer was successful. 0 errors, 1 warning
    Info: Peak virtual memory: 222 megabytes
    Info: Processing ended: Sun Oct 04 14:50:00 2020
    Info: Elapsed time: 00:00:01
    Info: Total CPU time (on all processors): 00:00:00


